[15:54:23] [main/INFO]: Extra: []
[15:54:23] [main/INFO]: Found and added coremod: net.labymod.core.asm.LabyModCoreMod
[15:54:23] [main/INFO]: Running with arguments: [--userProperties, {}, --assetsDir, /Users/Tim/.gradle/caches/minecraft/assets, --assetIndex, 1.8, --accessToken{REDACTED}, --version, 1.8.9, --tweakClass, net.minecraftforge.fml.common.launcher.FMLTweaker, --tweakClass, net.minecraftforge.gradle.tweakers.CoremodTweaker]
[15:54:23] [main/INFO]: Loading tweak class name net.minecraftforge.fml.common.launcher.FMLTweaker
[15:54:23] [main/INFO]: Using primary tweak class name net.minecraftforge.fml.common.launcher.FMLTweaker
[15:54:23] [main/INFO]: Loading tweak class name net.minecraftforge.gradle.tweakers.CoremodTweaker
[15:54:23] [main/INFO]: Calling tweak class net.minecraftforge.fml.common.launcher.FMLTweaker
[15:54:23] [main/INFO]: Forge Mod Loader version 11.15.1.1855 for Minecraft 1.8.9 loading
[15:54:23] [main/INFO]: Java is Java HotSpot(TM) 64-Bit Server VM, version 1.8.0_131, running on Mac OS X:x86_64:10.15.5, installed at /Library/Java/JavaVirtualMachines/jdk1.8.0_131.jdk/Contents/Home/jre
[15:54:23] [main/INFO]: Managed to load a deobfuscated Minecraft name- we are in a deobfuscated environment. Skipping runtime deobfuscation
[15:54:23] [main/INFO]: Found a command line coremod : net.labymod.core.asm.LabyModCoreMod
[15:54:26] [main/INFO]: [Debug] Started debug logging
[15:54:26] [main/WARN]: The coremod net.labymod.core.asm.LabyModCoreMod does not have a MCVersion annotation, it may cause issues with this version of Minecraft
[15:54:26] [main/INFO]: Calling tweak class net.minecraftforge.gradle.tweakers.CoremodTweaker
[15:54:26] [main/INFO]: Injecting location in coremod net.minecraftforge.fml.relauncher.FMLCorePlugin
[15:54:26] [main/INFO]: Injecting location in coremod net.minecraftforge.classloading.FMLForgePlugin
[15:54:26] [main/INFO]: Injecting location in coremod net.labymod.core.asm.LabyModCoreMod
[15:54:26] [main/INFO]: Loading tweak class name net.minecraftforge.fml.common.launcher.FMLInjectionAndSortingTweaker
[15:54:26] [main/INFO]: Loading tweak class name net.minecraftforge.fml.common.launcher.FMLDeobfTweaker
[15:54:26] [main/INFO]: Loading tweak class name net.minecraftforge.gradle.tweakers.AccessTransformerTweaker
[15:54:26] [main/INFO]: Calling tweak class net.minecraftforge.fml.common.launcher.FMLInjectionAndSortingTweaker
[15:54:26] [main/INFO]: Calling tweak class net.minecraftforge.fml.common.launcher.FMLInjectionAndSortingTweaker
[15:54:26] [main/INFO]: Calling tweak class net.minecraftforge.fml.relauncher.CoreModManager$FMLPluginWrapper
[15:54:27] [main/ERROR]: The binary patch set is missing. Either you are in a development environment, or things are not going to work!
