#
# A fatal error has been detected by the Java Runtime Environment:
#
#  SIGSEGV (0xb) at pc=0x0000000000000000, pid=52508, tid=0x0000000000007b13
#
# JRE version: Java(TM) SE Runtime Environment (8.0_131-b11) (build 1.8.0_131-b11)
# Java VM: Java HotSpot(TM) 64-Bit Server VM (25.131-b11 mixed mode bsd-amd64 compressed oops)
# Problematic frame:
# C  0x0000000000000000
#
# Failed to write core dump. Core dumps have been disabled. To enable core dumping, try "ulimit -c unlimited" before starting Java again
#
# If you would like to submit a bug report, please visit:
#   http://bugreport.java.com/bugreport/crash.jsp
#

---------------  T H R E A D  ---------------

Current thread is native thread

siginfo: si_signo: 11 (SIGSEGV), si_code: 1 (SEGV_MAPERR), si_addr: 0x0000000000000000

Registers:
RAX=0x0000000119d29508, RBX=0x00000000000161b0, RCX=0x0000000000000010, RDX=0xfffffffffffffff0
RSP=0x000070000fbdea38, RBP=0x000070000fbdeae0, RSI=0x0000000000000000, RDI=0x000000011599e000
R8 =0x0000000000000200, R9 =0x00007fb3c2c1cb50, R10=0x000000012e713624, R11=0x0000000000000020
R12=0x0000000000000200, R13=0x000000011599e000, R14=0x00007fb3c2c1d080, R15=0x0000000000000800
RIP=0x0000000000000000, EFLAGS=0x0000000000010246, ERR=0x0000000000000014
  TRAPNO=0x000000000000000e

Top of Stack: (sp=0x000070000fbdea38)
0x000070000fbdea38:   0000000119cfb639 0000000000000000
0x000070000fbdea48:   0000000000000000 00000001159a61b0
0x000070000fbdea58:   00000001159b9010 00000001159a41b0
0x000070000fbdea68:   0000020000000000 0000000000000000
0x000070000fbdea78:   0000000000000800 0000000000000200
0x000070000fbdea88:   00000001159a21b0 000000011599e000
0x000070000fbdea98:   000002006b8e2318 000070000fbdeaf0
0x000070000fbdeaa8:   000000010000037f 4335c761a9e900db
0x000070000fbdeab8:   00007fb3c2c1d000 0000000000000200
0x000070000fbdeac8:   00007fb3c2c1cb30 00007fb3c2c1d080
0x000070000fbdead8:   00007fb3c2c1cb50 000070000fbdeaf0
0x000070000fbdeae8:   0000000119d0b2ef 000070000fbdebb0
0x000070000fbdeaf8:   000000012e710d98 0000000000000000
0x000070000fbdeb08:   00007fb3c2c1c9e0 000070000fbdeb40
0x000070000fbdeb18:   00007fb3c5898a00 00007fb3c5898bf8
0x000070000fbdeb28:   0000000000000100 000070000fbdec88
0x000070000fbdeb38:   0000000000000001 0000020000000200
0x000070000fbdeb48:   000070000fbded00 0000000000000000
0x000070000fbdeb58:   0000000000000000 000070000fbdebb0
0x000070000fbdeb68:   000000012e7116e2 0000000000000000
0x000070000fbdeb78:   0000000032aaaba2 4335c761a9e900db
0x000070000fbdeb88:   00007fb3c5898a00 0000000000001000
0x000070000fbdeb98:   0000000000001000 00007fb3c2c1c9e0
0x000070000fbdeba8:   00007fb3bf6b7640 000070000fbdec50
0x000070000fbdebb8:   000000012e732c23 0000000000000040
0x000070000fbdebc8:   000070000fbdec88 00007fb3c2c1c9e0
0x000070000fbdebd8:   000070000fbded00 0000000000000000
0x000070000fbdebe8:   0000020000001fa0 0000700000009fe0
0x000070000fbdebf8:   00007fff6b8e232b 0000000003c60b75
0x000070000fbdec08:   00007fb3c5898e70 000070000fbdec50
0x000070000fbdec18:   000000012e7a89fd 4335c761a9e900db
0x000070000fbdec28:   00007fb3c5898a00 0000000000000200 

Instructions: (pc=0x0000000000000000)
0xffffffffffffffe0:   

Register to memory mapping:

RAX=