#
# A fatal error has been detected by the Java Runtime Environment:
#
#  SIGSEGV (0xb) at pc=0x0000000000000000, pid=13739, tid=0x0000000000007f1f
#
# JRE version: Java(TM) SE Runtime Environment (8.0_131-b11) (build 1.8.0_131-b11)
# Java VM: Java HotSpot(TM) 64-Bit Server VM (25.131-b11 mixed mode bsd-amd64 compressed oops)
# Problematic frame:
# C  0x0000000000000000
#
# Failed to write core dump. Core dumps have been disabled. To enable core dumping, try "ulimit -c unlimited" before starting Java again
#
# If you would like to submit a bug report, please visit:
#   http://bugreport.java.com/bugreport/crash.jsp
#

---------------  T H R E A D  ---------------

Current thread is native thread

siginfo: si_signo: 11 (SIGSEGV), si_code: 1 (SEGV_MAPERR), si_addr: 0x0000000000000000

Registers:
RAX=0x000000011ef83508, RBX=0x00000000000161b0, RCX=0x0000000000000010, RDX=0xfffffffffffffff0
RSP=0x0000700007f7aa38, RBP=0x0000700007f7aae0, RSI=0x0000000000000000, RDI=0x00007fe772791000
R8 =0x0000000000000200, R9 =0x00007fe78a79b260, R10=0x000000011efc6624, R11=0x0000000000001290
R12=0x0000000000000200, R13=0x00007fe772791000, R14=0x00007fe78a8a7f90, R15=0x0000000000000800
RIP=0x0000000000000000, EFLAGS=0x0000000000010246, ERR=0x0000000000000014
  TRAPNO=0x000000000000000e

Top of Stack: (sp=0x0000700007f7aa38)
0x0000700007f7aa38:   000000011ef55639 0000000000000000
0x0000700007f7aa48:   0000000000000000 00007fe7727991b0
0x0000700007f7aa58:   000000011f164010 00007fe7727971b0
0x0000700007f7aa68:   0000020000000000 0000000000000000