#
# A fatal error has been detected by the Java Runtime Environment:
#
#  SIGSEGV (0xb) at pc=0x0000000000000000, pid=53893, tid=0x0000000000015b03
#
# JRE version: Java(TM) SE Runtime Environment (8.0_131-b11) (build 1.8.0_131-b11)
# Java VM: Java HotSpot(TM) 64-Bit Server VM (25.131-b11 mixed mode bsd-amd64 compressed oops)
# Problematic frame:
# C  0x0000000000000000
#
# Failed to write core dump. Core dumps have been disabled. To enable core dumping, try "ulimit -c unlimited" before starting Java again
#
# If you would like to submit a bug report, please visit:
#   http://bugreport.java.com/bugreport/crash.jsp
#

---------------  T H R E A D  ---------------

Current thread is native thread

siginfo: si_signo: 11 (SIGSEGV), si_code: 1 (SEGV_MAPERR), si_addr: 0x0000000000000000

Registers:
RAX=0x0000000121120508, RBX=0x00000000000161b0, RCX=0x0000000000000010, RDX=0xfffffffffffffff0
RSP=0x0000700005033a38, RBP=0x0000700005033ae0, RSI=0x0000000000000000, RDI=0x00000001250db000
R8 =0x0000000000000200, R9 =0x00007fb98e3321c0, R10=0x000000012bbf6624, R11=0xfffffffffffe5800
R12=0x0000000000000200, R13=0x00000001250db000, R14=0x00007fb98e1818c0, R15=0x0000000000000800
RIP=0x0000000000000000, EFLAGS=0x0000000000010246, ERR=0x0000000000000014
  TRAPNO=0x000000000000000e

Top of Stack: (sp=0x0000700005033a38)
0x0000700005033a38:   00000001210f2639 0000000000000000
0x0000700005033a48:   0000000000000000 00000001250e31b0
0x0000700005033a58:   000000010fe5e010 00000001250e11b0
0x0000700005033a68:   0000020000000000 0000000000000000
0x0000700005033a78:   0000000000000800 0000000000000200
0x0000700005033a88:   00000001250df1b0 00000001250db000
0x0000700005033a98:   000002006b8e2318 0000700005033af0
0x0000700005033aa8:   000000010000037f 1e771a70084400af
0x0000700005033ab8:   00007fb98e181840 0000000000000200
0x0000700005033ac8:   00007fb98e34c9c0 00007fb98e1818c0
0x0000700005033ad8:   00007fb98e3321c0 0000700005033af0
0x0000700005033ae8:   00000001211022ef 0000700005033bb0
0x0000700005033af8:   000000012bbf3d98 0000000000000000
0x0000700005033b08:   00007fb98e181750 0000700005033b40
0x0000700005033b18:   00007fb989154e00 00007fb989154ff8
0x0000700005033b28:   0000000000000100 0000700005033c88
0x0000700005033b38:   0000000000000001 0000020000000200
0x0000700005033b48:   0000700005033d00 0000000000000000
0x0000700005033b58:   0000000000000000 0000700005033bb0
0x0000700005033b68:   000000012bbf46e2 0000000000000000
0x0000700005033b78:   0000000032aaaba2 1e771a70084400af
0x0000700005033b88:   00007fb989154e00 0000000000001000
0x0000700005033b98:   0000000000001000 00007fb98e181750
0x0000700005033ba8:   00007fb98e34aa30 0000700005033c50
0x0000700005033bb8:   000000012bc15c23 0000000000000040
0x0000700005033bc8:   0000700005033c88 00007fb98e181750
0x0000700005033bd8:   0000700005033d00 0000000000000000
0x0000700005033be8:   0000020000001fa0 0000700000009fe0
0x0000700005033bf8:   00007fff6b8e232b 0000000000000000
0x0000700005033c08:   0000000000000000 0000000000000000
0x0000700005033c18:   00007fff6f06aa3d 1e771a70084400af
0x0000700005033c28:   00007fb989154e00 0000000000000200 

Instructions: (pc=0x0000000000000000)
0xffffffffffffffe0:   

Register to memory mapping:

RAX=