#
# A fatal error has been detected by the Java Runtime Environment:
#
#  SIGSEGV (0xb) at pc=0x0000000000000000, pid=32268, tid=0x000000000001201f
#
# JRE version: Java(TM) SE Runtime Environment (8.0_131-b11) (build 1.8.0_131-b11)
# Java VM: Java HotSpot(TM) 64-Bit Server VM (25.131-b11 mixed mode bsd-amd64 compressed oops)
# Problematic frame:
# C  0x0000000000000000
#
# Failed to write core dump. Core dumps have been disabled. To enable core dumping, try "ulimit -c unlimited" before starting Java again
#
# If you would like to submit a bug report, please visit:
#   http://bugreport.java.com/bugreport/crash.jsp
#

---------------  T H R E A D  ---------------

Current thread is native thread

siginfo: si_signo: 11 (SIGSEGV), si_code: 1 (SEGV_MAPERR), si_addr: 0x0000000000000000

Registers:
RAX=0x000000011f4e8508, RBX=0x00000000000161b0, RCX=0x0000000000000010, RDX=0xfffffffffffffff0
RSP=0x000070000dd38a38, RBP=0x000070000dd38ae0, RSI=0x0000000000000000, RDI=0x00007fc515d8b000
R8 =0x0000000000000200, R9 =0x00007fc519d4d0c0, R10=0x000000011f525624, R11=0x0000000000000020
R12=0x0000000000000200, R13=0x00007fc515d8b000, R14=0x00007fc519d4cda0, R15=0x0000000000000800
RIP=0x0000000000000000, EFLAGS=0x0000000000010246, ERR=0x0000000000000014
  TRAPNO=0x000000000000000e

Top of Stack: (sp=0x000070000dd38a38)
0x000070000dd38a38:   000000011f4ba639 0000000000000000
0x000070000dd38a48:   0000000000000000 00007fc515d931b0
0x000070000dd38a58:   000000011f6c7010 00007fc515d911b0
0x000070000dd38a68:   0000020000000000 0000000000000000
0x000070000dd38a78:   0000000000000800 0000000000000200
0x000070000dd38a88:   00007fc515d8f1b0 00007fc515d8b000
0x000070000dd38a98:   000002006a007318 000070000dd38af0
0x000070000dd38aa8:   000000010000037f 77757b8e67c400fb
0x000070000dd38ab8:   00007fc519d4cd20 0000000000000200
0x000070000dd38ac8:   00007fc519d4d0a0 00007fc519d4cda0
0x000070000dd38ad8:   00007fc519d4d0c0 000070000dd38af0
0x000070000dd38ae8:   000000011f4ca2ef 000070000dd38bb0
0x000070000dd38af8:   000000011f522d98 0000000000000000
0x000070000dd38b08:   00007fc519d4cfb0 000070000dd38b40
0x000070000dd38b18:   00007fc532101a00 00007fc532101bf8
0x000070000dd38b28:   0000000000000100 000070000dd38c88
0x000070000dd38b38:   0000000000000001 0000020000000200
0x000070000dd38b48:   000070000dd38d00 0000000000000000
0x000070000dd38b58:   0000000000000000 000070000dd38bb0
0x000070000dd38b68:   000000011f5236e2 0000000000000000
0x000070000dd38b78:   0000000032aaaba2 77757b8e67c400fb
0x000070000dd38b88:   00007fc532101a00 0000000000001000
0x000070000dd38b98:   0000000000001000 00007fc519d4cfb0
0x000070000dd38ba8:   00007fc52943c260 000070000dd38c50
0x000070000dd38bb8:   000000011f544c23 0000000000000040
0x000070000dd38bc8:   000070000dd38c88 00007fc519d4cfb0
0x000070000dd38bd8:   000070000dd38d00 0000000000000000
0x000070000dd38be8:   0000020000001fa0 0000700000009fe0
0x000070000dd38bf8:   00007fff6a00732b 0000000000000000
0x000070000dd38c08:   0000000000000000 0000000000000000
0x000070000dd38c18:   00007fff6d78fa3d 77757b8e67c400fb
0x000070000dd38c28:   00007fc532101a00 0000000000000200 

Instructions: (pc=0x0000000000000000)
0xffffffffffffffe0:   

Register to memory mapping:

RAX=