#
# A fatal error has been detected by the Java Runtime Environment:
#
#  SIGSEGV (0xb) at pc=0x0000000000000000, pid=14333, tid=0x000000000001202f
#
# JRE version: Java(TM) SE Runtime Environment (8.0_131-b11) (build 1.8.0_131-b11)
# Java VM: Java HotSpot(TM) 64-Bit Server VM (25.131-b11 mixed mode bsd-amd64 compressed oops)
# Problematic frame:
# C  0x0000000000000000
#
# Failed to write core dump. Core dumps have been disabled. To enable core dumping, try "ulimit -c unlimited" before starting Java again
#
# If you would like to submit a bug report, please visit:
#   http://bugreport.java.com/bugreport/crash.jsp
#

---------------  T H R E A D  ---------------

Current thread is native thread

siginfo: si_signo: 11 (SIGSEGV), si_code: 1 (SEGV_MAPERR), si_addr: 0x0000000000000000

Registers:
RAX=0x0000000124668508, RBX=0x00000000000161b0, RCX=0x0000000000000010, RDX=0xfffffffffffffff0
RSP=0x000070000330ba38, RBP=0x000070000330bae0, RSI=0x0000000000000000, RDI=0x00007fd7e6e14000
R8 =0x0000000000000200, R9 =0x00007fd7fb35f9b0, R10=0x0000000124687624, R11=0x00000000002ff150
R12=0x0000000000000200, R13=0x00007fd7e6e14000, R14=0x00007fd7ebd34fd0, R15=0x0000000000000800
RIP=0x0000000000000000, EFLAGS=0x0000000000010246, ERR=0x0000000000000014
  TRAPNO=0x000000000000000e

Top of Stack: (sp=0x000070000330ba38)
0x000070000330ba38:   000000012463a639 0000000000000000
0x000070000330ba48:   0000000000000000 00007fd7e6e1c1b0
0x000070000330ba58:   0000000124809010 00007fd7e6e1a1b0
0x000070000330ba68:   0000020000000000 0000000000000000
0x000070000330ba78:   0000000000000800 0000000000000200
0x000070000330ba88:   00007fd7e6e181b0 00007fd7e6e14000
0x000070000330ba98:   00000200679c8318 000070000330baf0
0x000070000330baa8:   000000010000037f 9ec3912c12a4009f
0x000070000330bab8:   00007fd7ebd34f50 0000000000000200
0x000070000330bac8:   00007fd7fb060860 00007fd7ebd34fd0
0x000070000330bad8:   00007fd7fb35f9b0 000070000330baf0
0x000070000330bae8:   000000012464a2ef 000070000330bbb0
0x000070000330baf8:   0000000124684d98 0000000000000000
0x000070000330bb08:   00007fd7fd5ad480 000070000330bb40
0x000070000330bb18:   00007fd8063a6c00 00007fd8063a6df8
0x000070000330bb28:   0000000000000100 000070000330bc88
0x000070000330bb38:   0000000000000001 0000020000000200
0x000070000330bb48:   000070000330bd00 0000000000000000
0x000070000330bb58:   0000000000000000 000070000330bbb0
0x000070000330bb68:   00000001246856e2 0000000000000000
0x000070000330bb78:   0000000032aaaba2 9ec3912c12a4009f
0x000070000330bb88:   00007fd8063a6c00 0000000000001000
0x000070000330bb98:   0000000000001000 00007fd7fd5ad480
0x000070000330bba8:   00007fd7fae73400 000070000330bc50
0x000070000330bbb8:   00000001246a6c23 0000000000000000
0x000070000330bbc8:   000070000330bc88 00007fd7fd5ad480
0x000070000330bbd8:   000070000330bd00 0000000000000000
0x000070000330bbe8:   0000020000001fa0 0000700000009fe0
0x000070000330bbf8:   00007fff679c832b 0000000000000000
0x000070000330bc08:   0000000000000000 0000000000000000
0x000070000330bc18:   00007fff6b150a3d 9ec3912c12a4009f
0x000070000330bc28:   00007fd8063a6c00 0000000000000200 

Instructions: (pc=0x0000000000000000)
0xffffffffffffffe0:   

Register to memory mapping:

RAX=0x0000000124668508: PlaybackBackend+0x20 in /Users/Tim/.gradle/caches/minecraft/net/minecraft/natives/1.8.9/openal.dylib at 0x000000012461f000
RBX=0x00000000000161b0 is an unknown value
RCX=0x0000000000000010 is an unknown value
RDX=0xfffffffffffffff0 is an unknown value
RSP=0x000070000330ba38 is an unknown value
RBP=0x000070000330bae0 is an unknown value
RSI=0x0000000000000000 is an unknown value
RDI=0x00007fd7e6e14000 is an unknown value
R8 =0x0000000000000200 is an unknown value
R9 =0x00007fd7fb35f9b0 is an unknown value
R10=