#
# A fatal error has been detected by the Java Runtime Environment:
#
#  SIGSEGV (0xb) at pc=0x0000000000000000, pid=6151, tid=0x0000000000015a03
#
# JRE version: Java(TM) SE Runtime Environment (8.0_131-b11) (build 1.8.0_131-b11)
# Java VM: Java HotSpot(TM) 64-Bit Server VM (25.131-b11 mixed mode bsd-amd64 compressed oops)
# Problematic frame:
# C  0x0000000000000000
#
# Failed to write core dump. Core dumps have been disabled. To enable core dumping, try "ulimit -c unlimited" before starting Java again
#
# If you would like to submit a bug report, please visit:
#   http://bugreport.java.com/bugreport/crash.jsp
#

---------------  T H R E A D  ---------------

Current thread is native thread

siginfo: si_signo: 11 (SIGSEGV), si_code: 1 (SEGV_MAPERR), si_addr: 0x0000000000000000

Registers:
RAX=0x000000012448c508, RBX=0x00000000000161b0, RCX=0x0000000000000010, RDX=0xfffffffffffffff0
RSP=0x000070000ff16a38, RBP=0x000070000ff16ae0, RSI=0x0000000000000000, RDI=0x00000001207a9000
R8 =0x0000000000000200, R9 =0x00007ff889ce7380, R10=0x0000000129b70624, R11=0xfffffffffd79f8e0
R12=0x0000000000000200, R13=0x00000001207a9000, R14=0x00007ff88fb328a0, R15=0x0000000000000800
RIP=0x0000000000000000, EFLAGS=0x0000000000010246, ERR=0x0000000000000014
  TRAPNO=0x000000000000000e

Top of Stack: (sp=0x000070000ff16a38)
0x000070000ff16a38:   000000012445e639 0000000000000000
0x000070000ff16a48:   0000000000000000 00000001207b11b0
0x000070000ff16a58:   000000010e49a010 00000001207af1b0
0x000070000ff16a68:   0000020000000000 0000000000000000
0x000070000ff16a78:   0000000000000800 0000000000000200
0x000070000ff16a88:   00000001207ad1b0 00000001207a9000
0x000070000ff16a98:   0000020067176318 000070000ff16af0
0x000070000ff16aa8:   000000010000037f 366553e8a3f3001b
0x000070000ff16ab8:   00007ff88fb32820 0000000000000200
0x000070000ff16ac8:   00007ff88c547aa0 00007ff88fb328a0
0x000070000ff16ad8:   00007ff889ce7380 000070000ff16af0
0x000070000ff16ae8:   000000012446e2ef 000070000ff16bb0
0x000070000ff16af8:   0000000129b6dd98 0000000000000000
0x000070000ff16b08:   00007ff88fb326a0 000070000ff16b40
0x000070000ff16b18:   00007ff89346a000 00007ff89346a1f8
0x000070000ff16b28:   0000000000000100 000070000ff16c88
0x000070000ff16b38:   0000000000000001 0000020000000200
0x000070000ff16b48:   000070000ff16d00 0000000000000000
0x000070000ff16b58:   0000000000000000 000070000ff16bb0
0x000070000ff16b68:   0000000129b6e6e2 0000000000000000
0x000070000ff16b78:   0000000032aaaba2 366553e8a3f3001b
0x000070000ff16b88:   00007ff89346a000 0000000000001000
0x000070000ff16b98:   0000000000001000 00007ff88fb326a0
0x000070000ff16ba8:   00007ff889f4e1f0 000070000ff16c50
0x000070000ff16bb8:   0000000129b8fc23 0000000000000000
0x000070000ff16bc8:   000070000ff16c88 00007ff88fb326a0
0x000070000ff16bd8:   000070000ff16d00 0000000000000000
0x000070000ff16be8:   0000020000001fa0 0000700000009fe0
0x000070000ff16bf8:   00007fff6717632b 0000000000000000
0x000070000ff16c08:   0000000000000000 0000000000000000
0x000070000ff16c18:   00007fff6a8fee76 366553e8a3f3001b
0x000070000ff16c28:   00007ff89346a000 0000000000000200 

Instructions: (pc=0x0000000000000000)
0xffffffffffffffe0:   

Register to memory mapping:

RAX=