#
# A fatal error has been detected by the Java Runtime Environment:
#
#  SIGSEGV (0xb) at pc=0x0000000000000000, pid=13432, tid=0x0000000000007b1f
#
# JRE version: Java(TM) SE Runtime Environment (8.0_131-b11) (build 1.8.0_131-b11)
# Java VM: Java HotSpot(TM) 64-Bit Server VM (25.131-b11 mixed mode bsd-amd64 compressed oops)
# Problematic frame:
# C  0x0000000000000000
#
# Failed to write core dump. Core dumps have been disabled. To enable core dumping, try "ulimit -c unlimited" before starting Java again
#
# If you would like to submit a bug report, please visit:
#   http://bugreport.java.com/bugreport/crash.jsp
#

---------------  T H R E A D  ---------------

Current thread is native thread

siginfo: si_signo: 11 (SIGSEGV), si_code: 1 (SEGV_MAPERR), si_addr: 0x0000000000000000

Registers:
RAX=0x0000000122520508, RBX=0x00000000000161b0, RCX=0x0000000000000010, RDX=0xfffffffffffffff0
RSP=0x00007000058d2a38, RBP=0x00007000058d2ae0, RSI=0x0000000000000000, RDI=0x00007fe13d5e0000
R8 =0x0000000000000200, R9 =0x00007fe15588d3d0, R10=0x0000000122561624, R11=0x00000000000134c0
R12=0x0000000000000200, R13=0x00007fe13d5e0000, R14=0x00007fe15116ea60, R15=0x0000000000000800
RIP=0x0000000000000000, EFLAGS=0x0000000000010246, ERR=0x0000000000000014
  TRAPNO=0x000000000000000e

Top of Stack: (sp=0x00007000058d2a38)
0x00007000058d2a38:   00000001224f2639 0000000000000000
0x00007000058d2a48:   0000000000000000 00007fe13d5e81b0
0x00007000058d2a58:   00000001226ff010 00007fe13d5e61b0
0x00007000058d2a68:   0000020000000000 0000000000000000
0x00007000058d2a78:   0000000000000800 0000000000000200
0x00007000058d2a88:   00007fe13d5e41b0 00007fe13d5e0000
0x00007000058d2a98:   000002006a193318 00007000058d2af0
0x00007000058d2aa8:   000000010000037f 76d8c32e202a00c0
0x00007000058d2ab8:   00007fe15116e9e0 0000000000000200
0x00007000058d2ac8:   00007fe155879f10 00007fe15116ea60
0x00007000058d2ad8:   00007fe15588d3d0 00007000058d2af0
0x00007000058d2ae8:   00000001225022ef 00007000058d2bb0
0x00007000058d2af8:   000000012255ed98 0000000000000000
0x00007000058d2b08:   00007fe15112fb90 00007000058d2b40
0x00007000058d2b18:   00007fe14dcaf400 00007fe14dcaf5f8
0x00007000058d2b28:   0000000000000100 00007000058d2c88
0x00007000058d2b38:   0000000000000001 0000020000000200
0x00007000058d2b48:   00007000058d2d00 0000000000000000
0x00007000058d2b58:   0000000000000000 00007000058d2bb0
0x00007000058d2b68:   000000012255f6e2 0000000000000000
0x00007000058d2b78:   0000000032aaaba2 76d8c32e202a00c0
0x00007000058d2b88:   00007fe14dcaf400 0000000000001000
0x00007000058d2b98:   0000000000001000 00007fe15112fb90
0x00007000058d2ba8:   00007fe14d5085e0 00007000058d2c50
0x00007000058d2bb8:   0000000122580c23 0000000000000000
0x00007000058d2bc8:   00007000058d2c88 00007fe15112fb90
0x00007000058d2bd8:   00007000058d2d00 0000000000000000
0x00007000058d2be8:   0000020000001fa0 0000700000009fe0
0x00007000058d2bf8:   00007fff6a19332b 0000000000000000
0x00007000058d2c08:   0000000000000000 0000000000000000
0x00007000058d2c18:   00007fff6d91ba3d 76d8c32e202a00c0
0x00007000058d2c28:   00007fe14dcaf400 0000000000000200 

Instructions: (pc=0x0000000000000000)
0xffffffffffffffe0:   

Register to memory mapping:

RAX=