#
# A fatal error has been detected by the Java Runtime Environment:
#
#  SIGSEGV (0xb) at pc=0x0000000000000000, pid=51062, tid=0x000000000001fe0b
#
# JRE version: Java(TM) SE Runtime Environment (8.0_131-b11) (build 1.8.0_131-b11)
# Java VM: Java HotSpot(TM) 64-Bit Server VM (25.131-b11 mixed mode bsd-amd64 compressed oops)
# Problematic frame:
# C  0x0000000000000000
#
# Failed to write core dump. Core dumps have been disabled. To enable core dumping, try "ulimit -c unlimited" before starting Java again
#
# If you would like to submit a bug report, please visit:
#   http://bugreport.java.com/bugreport/crash.jsp
#

---------------  T H R E A D  ---------------

Current thread is native thread

siginfo: si_signo: 11 (SIGSEGV), si_code: 1 (SEGV_MAPERR), si_addr: 0x0000000000000000

Registers:
RAX=0x00000001239f0508, RBX=0x00000000000161b0, RCX=0x0000000000000010, RDX=0xfffffffffffffff0
RSP=0x000070000d2fca38, RBP=0x000070000d2fcae0, RSI=0x0000000000000000, RDI=0x0000000123a03000
R8 =0x0000000000000200, R9 =0x00007fac50bdfdb0, R10=0x0000000129626624, R11=0x0000000000001030
R12=0x0000000000000200, R13=0x0000000123a03000, R14=0x00007fac50bdfaa0, R15=0x0000000000000800
RIP=0x0000000000000000, EFLAGS=0x0000000000010246, ERR=0x0000000000000014
  TRAPNO=0x000000000000000e

Top of Stack: (sp=0x000070000d2fca38)
0x000070000d2fca38:   00000001239c2639 0000000000000000
0x000070000d2fca48:   0000000000000000 0000000123a0b1b0
0x000070000d2fca58:   0000000120a4b010 0000000123a091b0
0x000070000d2fca68:   0000020000000000 0000000000000000
0x000070000d2fca78:   0000000000000800 0000000000000200
0x000070000d2fca88:   0000000123a071b0 0000000123a03000
0x000070000d2fca98:   000002006b8e2318 000070000d2fcaf0
0x000070000d2fcaa8:   000000010000037f d3cfe8b941fb0038
0x000070000d2fcab8:   00007fac50bdfa20 0000000000000200
0x000070000d2fcac8:   00007fac50bded80 00007fac50bdfaa0
0x000070000d2fcad8:   00007fac50bdfdb0 000070000d2fcaf0
0x000070000d2fcae8:   00000001239d22ef 000070000d2fcbb0
0x000070000d2fcaf8:   0000000129623d98 0000000000000000
0x000070000d2fcb08:   00007fac50bdfd00 000070000d2fcb40
0x000070000d2fcb18:   00007fac5b8ef800 00007fac5b8ef9f8
0x000070000d2fcb28:   0000000000000100 000070000d2fcc88
0x000070000d2fcb38:   0000000000000001 0000020000000200
0x000070000d2fcb48:   000070000d2fcd00 0000000000000000
0x000070000d2fcb58:   0000000000000000 000070000d2fcbb0
0x000070000d2fcb68:   00000001296246e2 0000000000000000
0x000070000d2fcb78:   0000000032aaaba2 d3cfe8b941fb0038
0x000070000d2fcb88:   00007fac5b8ef800 0000000000001000
0x000070000d2fcb98:   0000000000001000 00007fac50bdfd00
0x000070000d2fcba8:   00007fac50880db0 000070000d2fcc50
0x000070000d2fcbb8:   0000000129645c23 0000000000000040
0x000070000d2fcbc8:   000070000d2fcc88 00007fac50bdfd00
0x000070000d2fcbd8:   000070000d2fcd00 0000000000000000
0x000070000d2fcbe8:   0000020000001fa0 0000700000009fe0
0x000070000d2fcbf8:   00007fff6b8e232b 0000000000000000
0x000070000d2fcc08:   0000000000000000 0000000000000000
0x000070000d2fcc18:   00007fff6f06aa3d d3cfe8b941fb0038
0x000070000d2fcc28:   00007fac5b8ef800 0000000000000200 

Instructions: (pc=0x0000000000000000)
0xffffffffffffffe0:   

Register to memory mapping:

RAX=0x00000001239f0508: PlaybackBackend+0x20 in /Users/Tim/.gradle/caches/minecraft/net/minecraft/natives/1.8.9/openal.dylib at 0x00000001239a7000
RBX=0x00000000000161b0 is an unknown value
RCX=0x0000000000000010 is an unknown value
RDX=0xfffffffffffffff0 is an unknown value
RSP=0x000070000d2fca38 is an unknown value
RBP=0x000070000d2fcae0 is an unknown value
RSI=0x0000000000000000 is an unknown value
RDI=0x0000000123a03000 is an unknown value
R8 =0x0000000000000200 is an unknown value
R9 =0x00007fac50bdfdb0 is an unknown value
R10=0x0000000129626624: AUGenericOutputFactory+0x1680 in /System/Library/Components/CoreAudio.component/Contents/MacOS/CoreAudio at 0x000000012961a000
R11=0x0000000000001030 is an unknown value
R12=0x0000000000000200 is an unknown value
R13=0x0000000123a03000 is an unknown value
R14=