#
# A fatal error has been detected by the Java Runtime Environment:
#
#  SIGSEGV (0xb) at pc=0x0000000000000000, pid=49888, tid=0x000000000001f903
#
# JRE version: Java(TM) SE Runtime Environment (8.0_131-b11) (build 1.8.0_131-b11)
# Java VM: Java HotSpot(TM) 64-Bit Server VM (25.131-b11 mixed mode bsd-amd64 compressed oops)
# Problematic frame:
# C  0x0000000000000000
#
# Failed to write core dump. Core dumps have been disabled. To enable core dumping, try "ulimit -c unlimited" before starting Java again
#
# If you would like to submit a bug report, please visit:
#   http://bugreport.java.com/bugreport/crash.jsp
#

---------------  T H R E A D  ---------------

Current thread is native thread

siginfo: si_signo: 11 (SIGSEGV), si_code: 1 (SEGV_MAPERR), si_addr: 0x0000000000000000

Registers:
RAX=0x000000012c813508, RBX=0x00000000000161b0, RCX=0x0000000000000010, RDX=0xfffffffffffffff0
RSP=0x000070000b092a38, RBP=0x000070000b092ae0, RSI=0x0000000000000000, RDI=0x0000000119f5a000
R8 =0x0000000000000200, R9 =0x00007fd43db392b0, R10=0x000000013289c624, R11=0x000000000001a610
R12=0x0000000000000200, R13=0x0000000119f5a000, R14=0x00007fd43a4b68a0, R15=0x0000000000000800
RIP=0x0000000000000000, EFLAGS=0x0000000000010246, ERR=0x0000000000000014
  TRAPNO=0x000000000000000e

Top of Stack: (sp=0x000070000b092a38)
0x000070000b092a38:   000000012c7e5639 0000000000000000
0x000070000b092a48:   0000000000000000 0000000119f621b0
0x000070000b092a58:   000000011862a010 0000000119f601b0
0x000070000b092a68:   0000020000000000 0000000000000000
0x000070000b092a78:   0000000000000800 0000000000000200
0x000070000b092a88:   0000000119f5e1b0 0000000119f5a000
0x000070000b092a98:   000002006b8e2318 000070000b092af0
0x000070000b092aa8:   000000010000037f 67f0125775ba005e
0x000070000b092ab8:   00007fd43a4b6820 0000000000000200
0x000070000b092ac8:   00007fd43db1eca0 00007fd43a4b68a0
0x000070000b092ad8:   00007fd43db392b0 000070000b092af0
0x000070000b092ae8:   000000012c7f52ef 000070000b092bb0
0x000070000b092af8:   0000000132899d98 0000000000000000
0x000070000b092b08:   00007fd43a4b6ab0 000070000b092b40
0x000070000b092b18:   00007fd4434b5000 00007fd4434b51f8
0x000070000b092b28:   0000000000000100 000070000b092c88
0x000070000b092b38:   0000000000000001 0000020000000200
0x000070000b092b48:   000070000b092d00 0000000000000000
0x000070000b092b58:   0000000000000000 000070000b092bb0
0x000070000b092b68:   000000013289a6e2 0000000000000000
0x000070000b092b78:   0000000032aaaba2 67f0125775ba005e
0x000070000b092b88:   00007fd4434b5000 0000000000001000
0x000070000b092b98:   0000000000001000 00007fd43a4b6ab0
0x000070000b092ba8:   00007fd43db3b140 000070000b092c50
0x000070000b092bb8:   00000001328bbc23 0000000000000000
0x000070000b092bc8:   000070000b092c88 00007fd43a4b6ab0
0x000070000b092bd8:   000070000b092d00 0000000000000000
0x000070000b092be8:   0000020000001fa0 0000700000009fe0
0x000070000b092bf8:   00007fff6b8e232b 0000000000000000
0x000070000b092c08:   0000000000000000 0000000000000000
0x000070000b092c18:   00007fff6f06aa3d 67f0125775ba005e
0x000070000b092c28:   00007fd4434b5000 0000000000000200 

Instructions: (pc=0x0000000000000000)
0xffffffffffffffe0:   

Register to memory mapping:

RAX=0x000000012c813508: PlaybackBackend+0x20 in /Users/Tim/.gradle/caches/minecraft/net/minecraft/natives/1.8.9/openal.dylib at 0x000000012c7ca000
RBX=0x00000000000161b0 is an unknown value
RCX=0x0000000000000010 is an unknown value
RDX=0xfffffffffffffff0 is an unknown value
RSP=0x000070000b092a38 is an unknown value
RBP=0x000070000b092ae0 is an unknown value
RSI=0x0000000000000000 is an unknown value
RDI=0x0000000119f5a000 is an unknown value
R8 =0x0000000000000200 is an unknown value
R9 =0x00007fd43db392b0 is an unknown value
R10=