#
# A fatal error has been detected by the Java Runtime Environment:
#
#  SIGSEGV (0xb) at pc=0x0000000000000000, pid=56918, tid=0x000000000000f403
#
# JRE version: Java(TM) SE Runtime Environment (8.0_131-b11) (build 1.8.0_131-b11)
# Java VM: Java HotSpot(TM) 64-Bit Server VM (25.131-b11 mixed mode bsd-amd64 compressed oops)
# Problematic frame:
# C  0x0000000000000000
#
# Failed to write core dump. Core dumps have been disabled. To enable core dumping, try "ulimit -c unlimited" before starting Java again
#
# If you would like to submit a bug report, please visit:
#   http://bugreport.java.com/bugreport/crash.jsp
#

---------------  T H R E A D  ---------------

Current thread is native thread

siginfo: si_signo: 11 (SIGSEGV), si_code: 1 (SEGV_MAPERR), si_addr: 0x0000000000000000

Registers:
RAX=0x000000012d6e3508, RBX=0x00000000000161b0, RCX=0x0000000000000010, RDX=0xfffffffffffffff0
RSP=0x0000700011c87a38, RBP=0x0000700011c87ae0, RSI=0x0000000000000000, RDI=0x00007f8891d29000
R8 =0x0000000000000200, R9 =0x00007f88a5b88190, R10=0x000000012f091624, R11=0xfffffffffff8a060
R12=0x0000000000000200, R13=0x00007f8891d29000, R14=0x00007f88ac28cfd0, R15=0x0000000000000800
RIP=0x0000000000000000, EFLAGS=0x0000000000010246, ERR=0x0000000000000014
  TRAPNO=0x000000000000000e

Top of Stack: (sp=0x0000700011c87a38)
0x0000700011c87a38:   000000012d6b5639 0000000000000000
0x0000700011c87a48:   0000000000000000 00007f8891d311b0
0x0000700011c87a58:   000000012d736010 00007f8891d2f1b0
0x0000700011c87a68:   0000020000000000 0000000000000000
0x0000700011c87a78:   0000000000000800 0000000000000200
0x0000700011c87a88:   00007f8891d2d1b0 00007f8891d29000
0x0000700011c87a98:   0000020068fa6318 0000700011c87af0
0x0000700011c87aa8:   000000010000037f 440af773d7fb00b6
0x0000700011c87ab8:   00007f88ac28cf50 0000000000000200
0x0000700011c87ac8:   00007f88a5bfe130 00007f88ac28cfd0
0x0000700011c87ad8:   00007f88a5b88190 0000700011c87af0
0x0000700011c87ae8:   000000012d6c52ef 0000700011c87bb0
0x0000700011c87af8:   000000012f08ed98 0000000000000000
0x0000700011c87b08:   00007f88ac27ed00 0000700011c87b40
0x0000700011c87b18:   00007f8892615c00 00007f8892615df8
0x0000700011c87b28:   0000000000000100 0000700011c87c88
0x0000700011c87b38:   0000000000000001 0000020000000200
0x0000700011c87b48:   0000700011c87d00 0000000000000000
0x0000700011c87b58:   0000000000000000 0000700011c87bb0
0x0000700011c87b68:   000000012f08f6e2 0000000000000000
0x0000700011c87b78:   0000000032aaaba2 440af773d7fb00b6
0x0000700011c87b88:   00007f8892615c00 0000000000001000
0x0000700011c87b98:   0000000000001000 00007f88ac27ed00
0x0000700011c87ba8:   00007f88ac2984a0 0000700011c87c50
0x0000700011c87bb8:   000000012f0b0c23 0000000000001400
0x0000700011c87bc8:   0000700011c87c88 00007f88ac27ed00
0x0000700011c87bd8:   0000700011c87d00 0000000000000000
0x0000700011c87be8:   0000020000001fa0 0000700000009fe0
0x0000700011c87bf8:   00007fff68fa632b 0000000000000000
0x0000700011c87c08:   0000000000000000 0000000000000000
0x0000700011c87c18:   00007fff6c72ea3d 440af773d7fb00b6
0x0000700011c87c28:   00007f8892615c00 0000000000000200 

Instructions: (pc=0x0000000000000000)
0xffffffffffffffe0:   

Register to memory mapping:

RAX=