#
# A fatal error has been detected by the Java Runtime Environment:
#
#  SIGSEGV (0xb) at pc=0x0000000000000000, pid=18754, tid=0x0000000000006d53
#
# JRE version: Java(TM) SE Runtime Environment (8.0_131-b11) (build 1.8.0_131-b11)
# Java VM: Java HotSpot(TM) 64-Bit Server VM (25.131-b11 mixed mode bsd-amd64 compressed oops)
# Problematic frame:
# C  0x0000000000000000
#
# Failed to write core dump. Core dumps have been disabled. To enable core dumping, try "ulimit -c unlimited" before starting Java again
#
# If you would like to submit a bug report, please visit:
#   http://bugreport.java.com/bugreport/crash.jsp
#

---------------  T H R E A D  ---------------

Current thread is native thread

siginfo: si_signo: 11 (SIGSEGV), si_code: 1 (SEGV_MAPERR), si_addr: 0x0000000000000000

Registers:
RAX=0x000000012bd95508, RBX=0x00000000000161b0, RCX=0x0000000000000010, RDX=0xfffffffffffffff0
RSP=0x0000700008a46a38, RBP=0x0000700008a46ae0, RSI=0x0000000000000000, RDI=0x00007ff853426000
R8 =0x0000000000000200, R9 =0x00007ff854181bc0, R10=0x000000012bdd2624, R11=0x00000000000002a0
R12=0x0000000000000200, R13=0x00007ff853426000, R14=0x00007ff8541812e0, R15=0x0000000000000800
RIP=0x0000000000000000, EFLAGS=0x0000000000010246, ERR=0x0000000000000014
  TRAPNO=0x000000000000000e

Top of Stack: (sp=0x0000700008a46a38)
0x0000700008a46a38:   000000012bd67639 0000000000000000
0x0000700008a46a48:   0000000000000000 00007ff85342e1b0
0x0000700008a46a58:   000000012bf70010 00007ff85342c1b0
0x0000700008a46a68:   0000020000000000 0000000000000000
0x0000700008a46a78:   0000000000000800 0000000000000200
0x0000700008a46a88:   00007ff85342a1b0 00007ff853426000
0x0000700008a46a98:   000002006ea8b318 0000700008a46af0
0x0000700008a46aa8:   000000010000037f 128da28f27e10030
0x0000700008a46ab8:   00007ff854181260 0000000000000200
0x0000700008a46ac8:   00007ff854181920 00007ff8541812e0
0x0000700008a46ad8:   00007ff854181bc0 0000700008a46af0
0x0000700008a46ae8:   000000012bd772ef 0000700008a46bb0
0x0000700008a46af8:   000000012bdcfd98 0000000000000000
0x0000700008a46b08:   00007ff854181520 0000700008a46b40
0x0000700008a46b18:   00007ff862147400 00007ff8621475f8
0x0000700008a46b28:   0000000000000100 0000700008a46c88
0x0000700008a46b38:   0000000000000001 0000020000000200
0x0000700008a46b48:   0000700008a46d00 0000000000000000
0x0000700008a46b58:   0000000000000000 0000700008a46bb0
0x0000700008a46b68:   000000012bdd06e2 0000000000000000
0x0000700008a46b78:   0000000032aaaba2 128da28f27e10030
0x0000700008a46b88:   00007ff862147400 0000000000001000
0x0000700008a46b98:   0000000000001000 00007ff854181520
0x0000700008a46ba8:   00007ff8541819d0 0000700008a46c50
0x0000700008a46bb8:   000000012bdf1c23 0000000000000040
0x0000700008a46bc8:   0000700008a46c88 00007ff854181520
0x0000700008a46bd8:   0000700008a46d00 0000000000000000
0x0000700008a46be8:   0000020000001fa0 0000700000009fe0
0x0000700008a46bf8:   00007fff6ea8b32b 0000000000000000
0x0000700008a46c08:   0000000000000000 0000000000000000
0x0000700008a46c18:   00007fff72213a3d 128da28f27e10030
0x0000700008a46c28:   00007ff862147400 0000000000000200 

Instructions: (pc=0x0000000000000000)
0xffffffffffffffe0:   

Register to memory mapping:

RAX=