#
# A fatal error has been detected by the Java Runtime Environment:
#
#  SIGSEGV (0xb) at pc=0x0000000000000000, pid=51219, tid=0x000000000001f907
#
# JRE version: Java(TM) SE Runtime Environment (8.0_131-b11) (build 1.8.0_131-b11)
# Java VM: Java HotSpot(TM) 64-Bit Server VM (25.131-b11 mixed mode bsd-amd64 compressed oops)
# Problematic frame:
# C  0x0000000000000000
#
# Failed to write core dump. Core dumps have been disabled. To enable core dumping, try "ulimit -c unlimited" before starting Java again
#
# If you would like to submit a bug report, please visit:
#   http://bugreport.java.com/bugreport/crash.jsp
#

---------------  T H R E A D  ---------------

Current thread is native thread

siginfo: si_signo: 11 (SIGSEGV), si_code: 1 (SEGV_MAPERR), si_addr: 0x0000000000000000

Registers:
RAX=0x0000000125738508, RBX=0x00000000000161b0, RCX=0x0000000000000010, RDX=0xfffffffffffffff0
RSP=0x000070000f2baa38, RBP=0x000070000f2baae0, RSI=0x0000000000000000, RDI=0x0000000122069000
R8 =0x0000000000000200, R9 =0x00007ff6cb40f220, R10=0x000000012ae26624, R11=0xffffffffedb309d0
R12=0x0000000000000200, R13=0x0000000122069000, R14=0x00007ff6e18c3540, R15=0x0000000000000800
RIP=0x0000000000000000, EFLAGS=0x0000000000010246, ERR=0x0000000000000014
  TRAPNO=0x000000000000000e

Top of Stack: (sp=0x000070000f2baa38)
0x000070000f2baa38:   000000012570a639 0000000000000000
0x000070000f2baa48:   0000000000000000 00000001220711b0
0x000070000f2baa58:   00000001207e1010 000000012206f1b0
0x000070000f2baa68:   0000020000000000 0000000000000000
0x000070000f2baa78:   0000000000000800 0000000000000200
0x000070000f2baa88:   000000012206d1b0 0000000122069000
0x000070000f2baa98:   000002006b8e2318 000070000f2baaf0
0x000070000f2baaa8:   000000010000037f 39603eaacf38005f
0x000070000f2baab8:   00007ff6e18c34c0 0000000000000200
0x000070000f2baac8:   00007ff6dd8de850 00007ff6e18c3540
0x000070000f2baad8:   00007ff6cb40f220 000070000f2baaf0
0x000070000f2baae8:   000000012571a2ef 000070000f2babb0
0x000070000f2baaf8:   000000012ae23d98 0000000000000000
0x000070000f2bab08:   00007ff6e18c3250 000070000f2bab40
0x000070000f2bab18:   00007ff6df789e00 00007ff6df789ff8
0x000070000f2bab28:   0000000000000100 000070000f2bac88
0x000070000f2bab38:   0000000000000001 0000020000000200
0x000070000f2bab48:   000070000f2bad00 0000000000000000
0x000070000f2bab58:   0000000000000000 000070000f2babb0
0x000070000f2bab68:   000000012ae246e2 0000000000000000
0x000070000f2bab78:   0000000032aaaba2 39603eaacf38005f
0x000070000f2bab88:   00007ff6df789e00 0000000000001000
0x000070000f2bab98:   0000000000001000 00007ff6e18c3250
0x000070000f2baba8:   00007ff6e18c2930 000070000f2bac50
0x000070000f2babb8:   000000012ae45c23 0000000000000040
0x000070000f2babc8:   000070000f2bac88 00007ff6e18c3250
0x000070000f2babd8:   000070000f2bad00 0000000000000000
0x000070000f2babe8:   0000020000001fa0 0000700000009fe0
0x000070000f2babf8:   00007fff6b8e232b 0000000000000000
0x000070000f2bac08:   0000000000000000 0000000000000000
0x000070000f2bac18:   00007fff6f06aa3d 39603eaacf38005f
0x000070000f2bac28:   00007ff6df789e00 0000000000000200 

Instructions: (pc=0x0000000000000000)
0xffffffffffffffe0:   

Register to memory mapping:

RAX=