#
# A fatal error has been detected by the Java Runtime Environment:
#
#  SIGSEGV (0xb) at pc=0x0000000000000000, pid=32618, tid=0x0000000000011f0b
#
# JRE version: Java(TM) SE Runtime Environment (8.0_131-b11) (build 1.8.0_131-b11)
# Java VM: Java HotSpot(TM) 64-Bit Server VM (25.131-b11 mixed mode bsd-amd64 compressed oops)
# Problematic frame:
# C  0x0000000000000000
#
# Failed to write core dump. Core dumps have been disabled. To enable core dumping, try "ulimit -c unlimited" before starting Java again
#
# If you would like to submit a bug report, please visit:
#   http://bugreport.java.com/bugreport/crash.jsp
#

---------------  T H R E A D  ---------------

Current thread is native thread

siginfo: si_signo: 11 (SIGSEGV), si_code: 1 (SEGV_MAPERR), si_addr: 0x0000000000000000

Registers:
RAX=0x000000011de7d508, RBX=0x00000000000161b0, RCX=0x0000000000000010, RDX=0xfffffffffffffff0
RSP=0x000070000b07ea38, RBP=0x000070000b07eae0, RSI=0x0000000000000000, RDI=0x00007fd140d1b000
R8 =0x0000000000000200, R9 =0x00007fd1571c2910, R10=0x000000011debf624, R11=0x0000000000000250
R12=0x0000000000000200, R13=0x00007fd140d1b000, R14=0x00007fd1571c2210, R15=0x0000000000000800
RIP=0x0000000000000000, EFLAGS=0x0000000000010246, ERR=0x0000000000000014
  TRAPNO=0x000000000000000e

Top of Stack: (sp=0x000070000b07ea38)
0x000070000b07ea38:   000000011de4f639 0000000000000000
0x000070000b07ea48:   0000000000000000 00007fd140d231b0
0x000070000b07ea58:   000000011e05d010 00007fd140d211b0
0x000070000b07ea68:   0000020000000000 0000000000000000
0x000070000b07ea78:   0000000000000800 0000000000000200
0x000070000b07ea88:   00007fd140d1f1b0 00007fd140d1b000
0x000070000b07ea98:   000002006a007318 000070000b07eaf0
0x000070000b07eaa8:   000000010000037f 33835e20da27006a
0x000070000b07eab8:   00007fd1571c2190 0000000000000200
0x000070000b07eac8:   00007fd1571c26c0 00007fd1571c2210
0x000070000b07ead8:   00007fd1571c2910 000070000b07eaf0
0x000070000b07eae8:   000000011de5f2ef 000070000b07ebb0
0x000070000b07eaf8:   000000011debcd98 0000000000000000
0x000070000b07eb08:   00007fd1571c2000 000070000b07eb40
0x000070000b07eb18:   00007fd151298000 00007fd1512981f8
0x000070000b07eb28:   0000000000000100 000070000b07ec88
0x000070000b07eb38:   0000000000000001 0000020000000200
0x000070000b07eb48:   000070000b07ed00 0000000000000000
0x000070000b07eb58:   0000000000000000 000070000b07ebb0
0x000070000b07eb68:   000000011debd6e2 0000000000000000
0x000070000b07eb78:   0000000032aaaba2 33835e20da27006a
0x000070000b07eb88:   00007fd151298000 0000000000001000
0x000070000b07eb98:   0000000000001000 00007fd1571c2000
0x000070000b07eba8:   00007fd1572afd20 000070000b07ec50
0x000070000b07ebb8:   000000011dedec23 0000000000000040
0x000070000b07ebc8:   000070000b07ec88 00007fd1571c2000
0x000070000b07ebd8:   000070000b07ed00 0000000000000000
0x000070000b07ebe8:   0000020000001fa0 0000700000009fe0
0x000070000b07ebf8:   00007fff6a00732b 0000000000000000
0x000070000b07ec08:   0000000000000000 0000000000000000
0x000070000b07ec18:   00007fff6d78fe76 33835e20da27006a
0x000070000b07ec28:   00007fd151298000 0000000000000200 

Instructions: (pc=0x0000000000000000)
0xffffffffffffffe0:   

Register to memory mapping:

RAX=0x000000011de7d508: PlaybackBackend+0x20 in /Users/Tim/.gradle/caches/minecraft/net/minecraft/natives/1.8.9/openal.dylib at 0x000000011de34000
RBX=0x00000000000161b0 is an unknown value
RCX=0x0000000000000010 is an unknown value
RDX=0xfffffffffffffff0 is an unknown value
RSP=0x000070000b07ea38 is an unknown value
RBP=0x000070000b07eae0 is an unknown value
RSI=0x0000000000000000 is an unknown value
RDI=0x00007fd140d1b000 is an unknown value
R8 =0x0000000000000200 is an unknown value
R9 =0x00007fd1571c2910 is an unknown value
R10=0x000000011debf624: AUGenericOutputFactory+0x1680 in /System/Library/Components/CoreAudio.component/Contents/MacOS/CoreAudio at 0x000000011deb3000
R11=0x0000000000000250 is an unknown value
R12=0x0000000000000200 is an unknown value
R13=0x00007fd140d1b000 is an unknown value
R14=0x00007fd1571c2210 is an unknown value
R15=0x0000000000000800 is an unknown value


Stack: [0x000070000afff000,0x000070000b07f000],  sp=0x000070000b07ea38,  free space=510k

---------------  P R O C E S S  ---------------

VM state:at safepoint (shutting down)

VM Mutex/Monitor currently owned by a thread:  ([mutex/lock_event])
[0x00007fd150d055e0] Threads_lock - owner thread: 0x00007fd152817800

Heap:
 PSYoungGen      total 633344K, used 403693K [0x0000000795580000, 0x00000007c0000000, 0x00000007c0000000)
  eden space 592384K, 61% used [0x0000000795580000,0x00000007ab826e10,0x00000007b9800000)
  from space 40960K, 98% used [0x00000007b9800000,0x00000007bbf947d0,0x00000007bc000000)
  to   space 55808K, 0% used [0x00000007bc980000,0x00000007bc980000,0x00000007c0000000)
 ParOldGen       total 240640K, used 203580K [0x0000000740000000, 0x000000074eb00000, 0x0000000795580000)
  object space 240640K, 84% used [0x0000000740000000,0x000000074c6cf308,0x000000074eb00000)
 Metaspace       used 58788K, capacity 59295K, committed 59776K, reserved 1101824K
  class space    used 8134K, capacity 8289K, committed 8320K, reserved 1048576K

Card table byte_map: [0x0000000101d63000,0x0000000102164000] byte_map_base: 0x00000000fe363000

Marking Bits: (ParMarkBitMap*) 0x00000001012f1ea0
 Begin Bits: [0x000000010240f000, 0x000000010440f000)
 End Bits:   [0x000000010440f000, 0x000000010640f000)

Polling page: 0x0000000100087000

CodeCache: size=245760Kb used=19607Kb max_used=19618Kb free=226152Kb
 bounds [0x000000010b797000, 0x000000010cb37000, 0x000000011a797000]
 total_blobs=6135 nmethods=5290 adapters=757
 compilation: enabled

Compilation events (10 events):
Event: 303.397 Thread 0x00007fd1520c3800 7768       4       net.minecraft.client.renderer.EntityRenderer::getMouseOver (620 bytes)
Event: 303.398 Thread 0x00007fd1520c3800 nmethod 7768 0x000000010c3c0350 code [0x000000010c3c04a0, 0x000000010c3c0538]
Event: 304.321 Thread 0x00007fd1520c4800 7769       3       java.lang.ThreadLocal$ThreadLocalMap::cleanSomeSlots (60 bytes)
Event: 304.322 Thread 0x00007fd1520c4800 nmethod 7769 0x000000010c3b3a10 code [0x000000010c3b3ba0, 0x000000010c3b3fe8]
Event: 304.323 Thread 0x00007fd1520c4800 7770       1       org.apache.logging.log4j.core.config.LoggerConfig::getLevel (5 bytes)
Event: 304.323 Thread 0x00007fd1520c4800 nmethod 7770 0x000000010c8d5b90 code [0x000000010c8d5ce0, 0x000000010c8d5df0]
Event: 304.331 Thread 0x00007fd1520c4800 7771       3       java.util.logging.LogManager$LoggerContext::ensureDefaultLogger (70 bytes)
Event: 304.331 Thread 0x00007fd1520c3800 7772       4       java.util.Hashtable$Enumerator::hasMoreElements (53 bytes)
Event: 304.332 Thread 0x00007fd1520c4800 nmethod 7771 0x000000010c3b2d90 code [0x000000010c3b2f60, 0x000000010c3b3808]
Event: 304.335 Thread 0x00007fd1520c3800 nmethod 7772 0x000000010c3b2a10 code [0x000000010c3b2b60, 0x000000010c3b2cd8]

GC Heap History (10 events):
Event: 23.869 GC heap before
{Heap before GC invocations=25 (full 4):
 PSYoungGen      total 642560K, used 641884K [0x0000000795580000, 0x00000007c0000000, 0x00000007c0000000)
  eden space 600576K, 100% used [0x0000000795580000,0x00000007ba000000,0x00000007ba000000)
  from space 41984K, 98% used [0x00000007bd180000,0x00000007bf9d7368,0x00000007bfa80000)
  to   space 49152K, 0% used [0x00000007ba000000,0x00000007ba000000,0x00000007bd000000)
 ParOldGen       total 240640K, used 136426K [0x0000000740000000, 0x000000074eb00000, 0x0000000795580000)
  object space 240640K, 56% used [0x0000000740000000,0x000000074853ab50,0x000000074eb00000)
 Metaspace       used 51030K, capacity 51427K, committed 51968K, reserved 1093632K
  class space    used 7284K, capacity 7405K, committed 7424K, reserved 1048576K
Event: 23.933 GC heap after
Heap after GC invocations=25 (full 4):
 PSYoungGen      total 649728K, used 49136K [0x0000000795580000, 0x00000007c0000000, 0x00000007c0000000)
  eden space 600576K, 0% used [0x0000000795580000,0x0000000795580000,0x00000007ba000000)
  from space 49152K, 99% used [0x00000007ba000000,0x00000007bcffc260,0x00000007bd000000)
  to   space 49152K, 0% used [0x00000007bd000000,0x00000007bd000000,0x00000007c0000000)
 ParOldGen       total 240640K, used 137023K [0x0000000740000000, 0x000000074eb00000, 0x0000000795580000)
  object space 240640K, 56% used [0x0000000740000000,0x00000007485cfc50,0x000000074eb00000)
 Metaspace       used 51030K, capacity 51427K, committed 51968K, reserved 1093632K
  class space    used 7284K, capacity 7405K, committed 7424K, reserved 1048576K
}
Event: 24.502 GC heap before
{Heap before GC invocations=26 (full 4):
 PSYoungGen      total 649728K, used 649712K [0x0000000795580000, 0x00000007c0000000, 0x00000007c0000000)
  eden space 600576K, 100% used [0x0000000795580000,0x00000007ba000000,0x00000007ba000000)
  from space 49152K, 99% used [0x00000007ba000000,0x00000007bcffc260,0x00000007bd000000)
  to   space 49152K, 0% used [0x00000007bd000000,0x00000007bd000000,0x00000007c0000000)
 ParOldGen       total 240640K, used 137023K [0x0000000740000000, 0x000000074eb00000, 0x0000000795580000)
  object space 240640K, 56% used [0x0000000740000000,0x00000007485cfc50,0x000000074eb00000)
 Metaspace       used 52012K, capacity 52421K, committed 52864K, reserved 1095680K
  class space    used 7395K, capacity 7502K, committed 7552K, reserved 1048576K
Event: 24.577 GC heap after
Heap after GC invocations=26 (full 4):
 PSYoungGen      total 638464K, used 15535K [0x0000000795580000, 0x00000007c0000000, 0x00000007c0000000)
  eden space 589312K, 0% used [0x0000000795580000,0x0000000795580000,0x00000007b9500000)
  from space 49152K, 31% used [0x00000007bd000000,0x00000007bdf2bd50,0x00000007c0000000)
  to   space 54784K, 0% used [0x00000007b9500000,0x00000007b9500000,0x00000007bca80000)
 ParOldGen       total 240640K, used 175167K [0x0000000740000000, 0x000000074eb00000, 0x0000000795580000)
  object space 240640K, 72% used [0x0000000740000000,0x000000074ab0ffa8,0x000000074eb00000)
 Metaspace       used 52012K, capacity 52421K, committed 52864K, reserved 1095680K
  class space    used 7395K, capacity 7502K, committed 7552K, reserved 1048576K
}
Event: 27.990 GC heap before
{Heap before GC invocations=27 (full 4):
 PSYoungGen      total 638464K, used 604847K [0x0000000795580000, 0x00000007c0000000, 0x00000007c0000000)
  eden space 589312K, 100% used [0x0000000795580000,0x00000007b9500000,0x00000007b9500000)
  from space 49152K, 31% used [0x00000007bd000000,0x00000007bdf2bd50,0x00000007c0000000)
  to   space 54784K, 0% used [0x00000007b9500000,0x00000007b9500000,0x00000007bca80000)
 ParOldGen       total 240640K, used 175167K [0x0000000740000000, 0x000000074eb00000, 0x0000000795580000)
  object space 240640K, 72% used [0x0000000740000000,0x000000074ab0ffa8,0x000000074eb00000)
 Metaspace       used 56489K, capacity 56909K, committed 57344K, reserved 1097728K
  class space    used 7950K, capacity 8094K, committed 8192K, reserved 1048576K
Event: 28.017 GC heap after
Heap after GC invocations=27 (full 4):
 PSYoungGen      total 644096K, used 21582K [0x0000000795580000, 0x00000007bff80000, 0x00000007c0000000)
  eden space 589312K, 0% used [0x0000000795580000,0x0000000795580000,0x00000007b9500000)
  from space 54784K, 39% used [0x00000007b9500000,0x00000007baa13878,0x00000007bca80000)
  to   space 51712K, 0% used [0x00000007bcd00000,0x00000007bcd00000,0x00000007bff80000)
 ParOldGen       total 240640K, used 185091K [0x0000000740000000, 0x000000074eb00000, 0x0000000795580000)
  object space 240640K, 76% used [0x0000000740000000,0x000000074b4c0ed0,0x000000074eb00000)
 Metaspace       used 56489K, capacity 56909K, committed 57344K, reserved 1097728K
  class space    used 7950K, capacity 8094K, committed 8192K, reserved 1048576K
}
Event: 30.039 GC heap before
{Heap before GC invocations=28 (full 4):
 PSYoungGen      total 644096K, used 610894K [0x0000000795580000, 0x00000007bff80000, 0x00000007c0000000)
  eden space 589312K, 100% used [0x0000000795580000,0x00000007b9500000,0x00000007b9500000)
  from space 54784K, 39% used [0x00000007b9500000,0x00000007baa13878,0x00000007bca80000)
  to   space 51712K, 0% used [0x00000007bcd00000,0x00000007bcd00000,0x00000007bff80000)
 ParOldGen       total 240640K, used 185091K [0x0000000740000000, 0x000000074eb00000, 0x0000000795580000)
  object space 240640K, 76% used [0x0000000740000000,0x000000074b4c0ed0,0x000000074eb00000)
 Metaspace       used 56490K, capacity 56909K, committed 57344K, reserved 1097728K
  class space    used 7951K, capacity 8094K, committed 8192K, reserved 1048576K
Event: 30.076 GC heap after
Heap after GC invocations=28 (full 4):
 PSYoungGen      total 640512K, used 6045K [0x0000000795580000, 0x00000007bfc00000, 0x00000007c0000000)
  eden space 592384K, 0% used [0x0000000795580000,0x0000000795580000,0x00000007b9800000)
  from space 48128K, 12% used [0x00000007bcd00000,0x00000007bd2e77f0,0x00000007bfc00000)
  to   space 51200K, 0% used [0x00000007b9800000,0x00000007b9800000,0x00000007bca00000)
 ParOldGen       total 240640K, used 200524K [0x0000000740000000, 0x000000074eb00000, 0x0000000795580000)
  object space 240640K, 83% used [0x0000000740000000,0x000000074c3d32f8,0x000000074eb00000)
 Metaspace       used 56490K, capacity 56909K, committed 57344K, reserved 1097728K
  class space    used 7951K, capacity 8094K, committed 8192K, reserved 1048576K
}
Event: 32.156 GC heap before
{Heap before GC invocations=29 (full 4):
 PSYoungGen      total 640512K, used 584048K [0x0000000795580000, 0x00000007bfc00000, 0x00000007c0000000)
  eden space 592384K, 97% used [0x0000000795580000,0x00000007b89f49e8,0x00000007b9800000)
  from space 48128K, 12% used [0x00000007bcd00000,0x00000007bd2e77f0,0x00000007bfc00000)
  to   space 51200K, 0% used [0x00000007b9800000,0x00000007b9800000,0x00000007bca00000)
 ParOldGen       total 240640K, used 200524K [0x0000000740000000, 0x000000074eb00000, 0x0000000795580000)
  object space 240640K, 83% used [0x0000000740000000,0x000000074c3d32f8,0x000000074eb00000)
 Metaspace       used 58188K, capacity 58713K, committed 59264K, reserved 1099776K
  class space    used 8121K, capacity 8288K, committed 8320K, reserved 1048576K
Event: 32.190 GC heap after
Heap after GC invocations=29 (full 4):
 PSYoungGen      total 633344K, used 40529K [0x0000000795580000, 0x00000007c0000000, 0x00000007c0000000)
  eden space 592384K, 0% used [0x0000000795580000,0x0000000795580000,0x00000007b9800000)
  from space 40960K, 98% used [0x00000007b9800000,0x00000007bbf947d0,0x00000007bc000000)
  to   space 55808K, 0% used [0x00000007bc980000,0x00000007bc980000,0x00000007c0000000)
 ParOldGen       total 240640K, used 203580K [0x0000000740000000, 0x000000074eb00000, 0x0000000795580000)
  object space 240640K, 84% used [0x0000000740000000,0x000000074c6cf308,0x000000074eb00000)
 Metaspace       used 58188K, capacity 58713K, committed 59264K, reserved 1099776K
  class space    used 8121K, capacity 8288K, committed 8320K, reserved 1048576K
}

Deoptimization events (10 events):
Event: 32.258 Thread 0x00007fd15200c800 Uncommon trap: reason=bimorphic action=maybe_recompile pc=0x000000010c8aea64 method=java.awt.image.BufferedImage.getRGB(IIII[III)[I @ 205
Event: 32.259 Thread 0x00007fd15200c800 Uncommon trap: reason=bimorphic action=maybe_recompile pc=0x000000010c8aea64 method=java.awt.image.BufferedImage.getRGB(IIII[III)[I @ 205
Event: 32.320 Thread 0x00007fd151d79800 Uncommon trap: reason=predicate action=maybe_recompile pc=0x000000010c8cc44c method=javax.imageio.stream.MemoryCache.loadFromStream(Ljava/io/InputStream;J)J @ 59
Event: 32.367 Thread 0x00007fd15200c800 Uncommon trap: reason=bimorphic action=maybe_recompile pc=0x000000010c8f0318 method=java.awt.image.BufferedImage.getRGB(IIII[III)[I @ 205
Event: 37.886 Thread 0x00007fd15200c800 Uncommon trap: reason=unstable_if action=reinterpret pc=0x000000010c51ccd0 method=net.minecraft.util.ResourceLocation.equals(Ljava/lang/Object;)Z @ 2
Event: 37.886 Thread 0x00007fd15200c800 Uncommon trap: reason=unstable_if action=reinterpret pc=0x000000010c6f4350 method=com.google.common.collect.HashBiMap.seekByValue(Ljava/lang/Object;I)Lcom/google/common/collect/HashBiMap$BiEntry; @ 13
Event: 304.291 Thread 0x00007fd152018000 Uncommon trap: reason=class_check action=maybe_recompile pc=0x000000010bd82180 method=java.util.Hashtable.get(Ljava/lang/Object;)Ljava/lang/Object; @ 6
Event: 304.291 Thread 0x00007fd152018000 Uncommon trap: reason=class_check action=maybe_recompile pc=0x000000010bd82180 method=java.util.Hashtable.get(Ljava/lang/Object;)Ljava/lang/Object; @ 6
Event: 304.341 Thread 0x00007fd15235e000 Uncommon trap: reason=unstable_if action=reinterpret pc=0x000000010c52191c method=java.io.ExpiringCache.entryFor(Ljava/lang/String;)Ljava/io/ExpiringCache$Entry; @ 39
Event: 304.341 Thread 0x00007fd15235e000 Uncommon trap: reason=unstable_if action=reinterpret pc=0x000000010bd33a80 method=java.io.ExpiringCache.entryFor(Ljava/lang/String;)Ljava/io/ExpiringCache$Entry; @ 39

Internal exceptions (10 events):
Event: 32.111 Thread 0x00007fd15200c800 Exception <a 'java/lang/NullPointerException'> (0x00000007b77f5928) thrown at [/Users/java_re/workspace/8-2-build-macosx-x86_64/jdk8u131/8869/hotspot/src/share/vm/runtime/sharedRuntime.cpp, line 1085]
Event: 32.128 Thread 0x00007fd15200c800 Exception <a 'java/lang/NullPointerException'> (0x00000007b7947658) thrown at [/Users/java_re/workspace/8-2-build-macosx-x86_64/jdk8u131/8869/hotspot/src/share/vm/runtime/sharedRuntime.cpp, line 1085]
Event: 32.315 Thread 0x00007fd15200c800 Exception <a 'java/lang/NullPointerException'> (0x0000000796ac99e8) thrown at [/Users/java_re/workspace/8-2-build-macosx-x86_64/jdk8u131/8869/hotspot/src/share/vm/runtime/sharedRuntime.cpp, line 1085]
Event: 32.315 Thread 0x00007fd15200c800 Implicit null exception at 0x000000010bca29d0 to 0x000000010bca3f66
Event: 32.315 Thread 0x00007fd15200c800 Exception <a 'java/lang/NullPointerException'> (0x0000000796accd10) thrown at [/Users/java_re/workspace/8-2-build-macosx-x86_64/jdk8u131/8869/hotspot/src/share/vm/runtime/sharedRuntime.cpp, line 605]
Event: 32.325 Thread 0x00007fd15200c800 Exception <a 'java/lang/NullPointerException'> (0x0000000796b6b1f0) thrown at [/Users/java_re/workspace/8-2-build-macosx-x86_64/jdk8u131/8869/hotspot/src/share/vm/runtime/sharedRuntime.cpp, line 1085]
Event: 32.441 Thread 0x00007fd151bfd800 Exception <a 'java/net/ConnectException'> (0x000000079ff34d88) thrown at [/Users/java_re/workspace/8-2-build-macosx-x86_64/jdk8u131/8869/hotspot/src/share/vm/prims/jni.cpp, line 709]
Event: 32.441 Thread 0x00007fd151bfd800 Exception <a 'java/security/PrivilegedActionException'> (0x000000079ff35178) thrown at [/Users/java_re/workspace/8-2-build-macosx-x86_64/jdk8u131/8869/hotspot/src/share/vm/prims/jvm.cpp, line 1390]
Event: 32.441 Thread 0x00007fd151bfd800 Exception <a 'java/security/PrivilegedActionException'> (0x000000079ff35388) thrown at [/Users/java_re/workspace/8-2-build-macosx-x86_64/jdk8u131/8869/hotspot/src/share/vm/prims/jvm.cpp, line 1390]
Event: 37.823 Thread 0x00007fd15200c800 Exception <a 'java/lang/NullPointerException'> (0x0000000796e40e00) thrown at [/Users/java_re/workspace/8-2-build-macosx-x86_64/jdk8u131/8869/hotspot/src/share/vm/runtime/sharedRuntime.cpp, line 1085]

Events (10 events):
Event: 304.341 Thread 0x00007fd1526bb800 Thread exited: 0x00007fd1526bb800
Event: 304.341 Executing VM operation: RevokeBias
Event: 304.341 Executing VM operation: RevokeBias done
Event: 304.341 Thread 0x00007fd15235e000 Uncommon trap: trap_request=0xffffff65 fr.pc=0x000000010c52191c
Event: 304.341 Thread 0x00007fd15235e000 DEOPT PACKING pc=0x000000010c52191c sp=0x000070000b7c0820
Event: 304.341 Thread 0x00007fd15235e000 DEOPT UNPACKING pc=0x000000010b79c229 sp=0x000070000b7c07a0 mode 2
Event: 304.341 Thread 0x00007fd15235e000 Uncommon trap: trap_request=0xffffff65 fr.pc=0x000000010bd33a80
Event: 304.341 Thread 0x00007fd15235e000 DEOPT PACKING pc=0x000000010bd33a80 sp=0x000070000b7c07c0
Event: 304.341 Thread 0x00007fd15235e000 DEOPT UNPACKING pc=0x000000010b79c229 sp=0x000070000b7c0790 mode 2
Event: 304.341 Executing VM operation: Exit


Dynamic libraries:
0x000000000648d000 	/System/Library/Frameworks/Cocoa.framework/Versions/A/Cocoa
0x000000000648d000 	/System/Library/Frameworks/Security.framework/Versions/A/Security
0x000000000648d000 	/System/Library/Frameworks/ApplicationServices.framework/Versions/A/ApplicationServices
0x000000000648d000 	/usr/lib/libz.1.dylib
0x000000000648d000 	/usr/lib/libSystem.B.dylib
0x000000000648d000 	/usr/lib/libobjc.A.dylib
0x000000000648d000 	/System/Library/Frameworks/CoreFoundation.framework/Versions/A/CoreFoundation
0x000000000648d000 	/System/Library/Frameworks/Foundation.framework/Versions/C/Foundation
0x000000000648d000 	/System/Library/Frameworks/AppKit.framework/Versions/C/AppKit
0x000000000648d000 	/System/Library/Frameworks/CoreData.framework/Versions/A/CoreData
0x000000000648d000 	/System/Library/PrivateFrameworks/UIFoundation.framework/Versions/A/UIFoundation
0x000000000648d000 	/System/Library/PrivateFrameworks/RemoteViewServices.framework/Versions/A/RemoteViewServices
0x000000000648d000 	/System/Library/PrivateFrameworks/XCTTargetBootstrap.framework/Versions/A/XCTTargetBootstrap
0x000000000648d000 	/System/Library/Frameworks/CoreDisplay.framework/Versions/A/CoreDisplay
0x000000000648d000 	/System/Library/Frameworks/Metal.framework/Versions/A/Metal
0x000000000648d000 	/System/Library/PrivateFrameworks/DesktopServicesPriv.framework/Versions/A/DesktopServicesPriv
0x000000000648d000 	/usr/lib/liblangid.dylib
0x000000000648d000 	/System/Library/PrivateFrameworks/CoreSVG.framework/Versions/A/CoreSVG
0x000000000648d000 	/System/Library/PrivateFrameworks/SkyLight.framework/Versions/A/SkyLight
0x000000000648d000 	/System/Library/Frameworks/CoreGraphics.framework/Versions/A/CoreGraphics
0x000000000648d000 	/System/Library/Frameworks/Accelerate.framework/Versions/A/Accelerate
0x000000000648d000 	/usr/lib/libxml2.2.dylib
0x000000000648d000 	/System/Library/PrivateFrameworks/IconServices.framework/Versions/A/IconServices
0x000000000648d000 	/System/Library/Frameworks/IOSurface.framework/Versions/A/IOSurface
0x000000000648d000 	/usr/lib/libDiagnosticMessagesClient.dylib
0x000000000648d000 	/System/Library/PrivateFrameworks/DFRFoundation.framework/Versions/A/DFRFoundation
0x000000000648d000 	/usr/lib/libicucore.A.dylib
0x000000000648d000 	/System/Library/Frameworks/AudioToolbox.framework/Versions/A/AudioToolbox
0x000000000648d000 	/System/Library/Frameworks/AudioUnit.framework/Versions/A/AudioUnit
0x000000000648d000 	/usr/lib/libauto.dylib
0x000000000648d000 	/System/Library/PrivateFrameworks/DataDetectorsCore.framework/Versions/A/DataDetectorsCore
0x000000000648d000 	/System/Library/Frameworks/Carbon.framework/Versions/A/Frameworks/HIToolbox.framework/Versions/A/HIToolbox
0x000000000648d000 	/System/Library/Frameworks/QuartzCore.framework/Versions/A/QuartzCore
0x000000000648d000 	/System/Library/Frameworks/Carbon.framework/Versions/A/Frameworks/SpeechRecognition.framework/Versions/A/SpeechRecognition
0x000000000648d000 	/System/Library/PrivateFrameworks/CoreUI.framework/Versions/A/CoreUI
0x000000000648d000 	/System/Library/Frameworks/CoreAudio.framework/Versions/A/CoreAudio
0x000000000648d000 	/System/Library/Frameworks/DiskArbitration.framework/Versions/A/DiskArbitration
0x000000000648d000 	/System/Library/PrivateFrameworks/MultitouchSupport.framework/Versions/A/MultitouchSupport
0x000000000648d000 	/usr/lib/libenergytrace.dylib
0x000000000648d000 	/System/Library/Frameworks/IOKit.framework/Versions/A/IOKit
0x000000000648d000 	/System/Library/Frameworks/CoreServices.framework/Versions/A/CoreServices
0x000000000648d000 	/System/Library/PrivateFrameworks/PerformanceAnalysis.framework/Versions/A/PerformanceAnalysis
0x000000000648d000 	/System/Library/Frameworks/OpenGL.framework/Versions/A/OpenGL
0x000000000648d000 	/System/Library/Frameworks/ColorSync.framework/Versions/A/ColorSync
0x000000000648d000 	/System/Library/Frameworks/CoreImage.framework/Versions/A/CoreImage
0x000000000648d000 	/System/Library/Frameworks/CoreText.framework/Versions/A/CoreText
0x000000000648d000 	/System/Library/Frameworks/ImageIO.framework/Versions/A/ImageIO
0x000000000648d000 	/usr/lib/libc++.1.dylib
0x000000000648d000 	/usr/lib/libcompression.dylib
0x000000000648d000 	/usr/lib/libMobileGestalt.dylib
0x000000000648d000 	/System/Library/PrivateFrameworks/TextureIO.framework/Versions/A/TextureIO
0x000000000648d000 	/usr/lib/libate.dylib
0x000000000648d000 	/System/Library/PrivateFrameworks/InternationalSupport.framework/Versions/A/InternationalSupport
0x000000000648d000 	/usr/lib/system/libcache.dylib
0x000000000648d000 	/usr/lib/system/libcommonCrypto.dylib
0x000000000648d000 	/usr/lib/system/libcompiler_rt.dylib
0x000000000648d000 	/usr/lib/system/libcopyfile.dylib
0x000000000648d000 	/usr/lib/system/libcorecrypto.dylib
0x000000000648d000 	/usr/lib/system/libdispatch.dylib
0x000000000648d000 	/usr/lib/system/libdyld.dylib
0x000000000648d000 	/usr/lib/system/libkeymgr.dylib
0x000000000648d000 	/usr/lib/system/liblaunch.dylib
0x000000000648d000 	/usr/lib/system/libmacho.dylib
0x000000000648d000 	/usr/lib/system/libquarantine.dylib
0x000000000648d000 	/usr/lib/system/libremovefile.dylib
0x000000000648d000 	/usr/lib/system/libsystem_asl.dylib
0x000000000648d000 	/usr/lib/system/libsystem_blocks.dylib
0x000000000648d000 	/usr/lib/system/libsystem_c.dylib
0x000000000648d000 	/usr/lib/system/libsystem_configuration.dylib
0x000000000648d000 	/usr/lib/system/libsystem_coreservices.dylib
0x000000000648d000 	/usr/lib/system/libsystem_darwin.dylib
0x000000000648d000 	/usr/lib/system/libsystem_dnssd.dylib
0x000000000648d000 	/usr/lib/system/libsystem_featureflags.dylib
0x000000000648d000 	/usr/lib/system/libsystem_info.dylib
0x000000000648d000 	/usr/lib/system/libsystem_m.dylib
0x000000000648d000 	/usr/lib/system/libsystem_malloc.dylib
0x000000000648d000 	/usr/lib/system/libsystem_networkextension.dylib
0x000000000648d000 	/usr/lib/system/libsystem_notify.dylib
0x000000000648d000 	/usr/lib/system/libsystem_sandbox.dylib
0x000000000648d000 	/usr/lib/system/libsystem_secinit.dylib
0x000000000648d000 	/usr/lib/system/libsystem_kernel.dylib
0x000000000648d000 	/usr/lib/system/libsystem_platform.dylib
0x000000000648d000 	/usr/lib/system/libsystem_pthread.dylib
0x000000000648d000 	/usr/lib/system/libsystem_symptoms.dylib
0x000000000648d000 	/usr/lib/system/libsystem_trace.dylib
0x000000000648d000 	/usr/lib/system/libunwind.dylib
0x000000000648d000 	/usr/lib/system/libxpc.dylib
0x000000000648d000 	/usr/lib/libc++abi.dylib
0x000000000648d000 	/usr/lib/liblzma.5.dylib
0x000000000648d000 	/usr/lib/libfakelink.dylib
0x000000000648d000 	/usr/lib/libarchive.2.dylib
0x000000000648d000 	/System/Library/Frameworks/SystemConfiguration.framework/Versions/A/SystemConfiguration
0x000000000648d000 	/usr/lib/libCRFSuite.dylib
0x000000000648d000 	/System/Library/Frameworks/CFNetwork.framework/Versions/A/CFNetwork
0x000000000648d000 	/usr/lib/libbsm.0.dylib
0x000000000648d000 	/usr/lib/system/libkxld.dylib
0x000000000648d000 	/System/Library/PrivateFrameworks/AppleFSCompression.framework/Versions/A/AppleFSCompression
0x000000000648d000 	/usr/lib/libcoretls.dylib
0x000000000648d000 	/usr/lib/libcoretls_cfhelpers.dylib
0x000000000648d000 	/usr/lib/libpam.2.dylib
0x000000000648d000 	/usr/lib/libsqlite3.dylib
0x000000000648d000 	/usr/lib/libxar.1.dylib
0x000000000648d000 	/usr/lib/libbz2.1.0.dylib
0x000000000648d000 	/usr/lib/libiconv.2.dylib
0x000000000648d000 	/usr/lib/libcharset.1.dylib
0x000000000648d000 	/usr/lib/libnetwork.dylib
0x000000000648d000 	/usr/lib/libpcap.A.dylib
0x000000000648d000 	/usr/lib/libapple_nghttp2.dylib
0x000000000648d000 	/System/Library/Frameworks/CoreServices.framework/Versions/A/Frameworks/FSEvents.framework/Versions/A/FSEvents
0x000000000648d000 	/System/Library/Frameworks/CoreServices.framework/Versions/A/Frameworks/CarbonCore.framework/Versions/A/CarbonCore
0x000000000648d000 	/System/Library/Frameworks/CoreServices.framework/Versions/A/Frameworks/Metadata.framework/Versions/A/Metadata
0x000000000648d000 	/System/Library/Frameworks/CoreServices.framework/Versions/A/Frameworks/OSServices.framework/Versions/A/OSServices
0x000000000648d000 	/System/Library/Frameworks/CoreServices.framework/Versions/A/Frameworks/SearchKit.framework/Versions/A/SearchKit
0x000000000648d000 	/System/Library/Frameworks/CoreServices.framework/Versions/A/Frameworks/AE.framework/Versions/A/AE
0x000000000648d000 	/System/Library/Frameworks/CoreServices.framework/Versions/A/Frameworks/LaunchServices.framework/Versions/A/LaunchServices
0x000000000648d000 	/System/Library/Frameworks/CoreServices.framework/Versions/A/Frameworks/DictionaryServices.framework/Versions/A/DictionaryServices
0x000000000648d000 	/System/Library/Frameworks/CoreServices.framework/Versions/A/Frameworks/SharedFileList.framework/Versions/A/SharedFileList
0x000000000648d000 	/System/Library/Frameworks/NetFS.framework/Versions/A/NetFS
0x000000000648d000 	/System/Library/PrivateFrameworks/NetAuth.framework/Versions/A/NetAuth
0x000000000648d000 	/System/Library/PrivateFrameworks/login.framework/Versions/A/Frameworks/loginsupport.framework/Versions/A/loginsupport
0x000000000648d000 	/System/Library/PrivateFrameworks/TCC.framework/Versions/A/TCC
0x000000000648d000 	/System/Library/PrivateFrameworks/CoreNLP.framework/Versions/A/CoreNLP
0x000000000648d000 	/System/Library/PrivateFrameworks/MetadataUtilities.framework/Versions/A/MetadataUtilities
0x000000000648d000 	/usr/lib/libmecabra.dylib
0x000000000648d000 	/usr/lib/libmecab.dylib
0x000000000648d000 	/usr/lib/libgermantok.dylib
0x000000000648d000 	/usr/lib/libThaiTokenizer.dylib
0x000000000648d000 	/usr/lib/libChineseTokenizer.dylib
0x000000000648d000 	/System/Library/Frameworks/Accelerate.framework/Versions/A/Frameworks/vImage.framework/Versions/A/vImage
0x000000000648d000 	/System/Library/Frameworks/Accelerate.framework/Versions/A/Frameworks/vecLib.framework/Versions/A/vecLib
0x000000000648d000 	/System/Library/Frameworks/Accelerate.framework/Versions/A/Frameworks/vecLib.framework/Versions/A/libvMisc.dylib
0x000000000648d000 	/System/Library/Frameworks/Accelerate.framework/Versions/A/Frameworks/vecLib.framework/Versions/A/libvDSP.dylib
0x000000000648d000 	/System/Library/Frameworks/Accelerate.framework/Versions/A/Frameworks/vecLib.framework/Versions/A/libBLAS.dylib
0x000000000648d000 	/System/Library/Frameworks/Accelerate.framework/Versions/A/Frameworks/vecLib.framework/Versions/A/libLAPACK.dylib
0x000000000648d000 	/System/Library/Frameworks/Accelerate.framework/Versions/A/Frameworks/vecLib.framework/Versions/A/libLinearAlgebra.dylib
0x000000000648d000 	/System/Library/Frameworks/Accelerate.framework/Versions/A/Frameworks/vecLib.framework/Versions/A/libSparseBLAS.dylib
0x000000000648d000 	/System/Library/Frameworks/Accelerate.framework/Versions/A/Frameworks/vecLib.framework/Versions/A/libQuadrature.dylib
0x000000000648d000 	/System/Library/Frameworks/Accelerate.framework/Versions/A/Frameworks/vecLib.framework/Versions/A/libBNNS.dylib
0x000000000648d000 	/System/Library/Frameworks/Accelerate.framework/Versions/A/Frameworks/vecLib.framework/Versions/A/libSparse.dylib
0x000000000648d000 	/System/Library/PrivateFrameworks/LanguageModeling.framework/Versions/A/LanguageModeling
0x000000000648d000 	/System/Library/PrivateFrameworks/CoreEmoji.framework/Versions/A/CoreEmoji
0x000000000648d000 	/System/Library/PrivateFrameworks/LinguisticData.framework/Versions/A/LinguisticData
0x000000000648d000 	/System/Library/PrivateFrameworks/Lexicon.framework/Versions/A/Lexicon
0x000000000648d000 	/usr/lib/libcmph.dylib
0x000000000648d000 	/System/Library/Frameworks/OpenDirectory.framework/Versions/A/Frameworks/CFOpenDirectory.framework/Versions/A/CFOpenDirectory
0x000000000648d000 	/System/Library/Frameworks/OpenDirectory.framework/Versions/A/OpenDirectory
0x000000000648d000 	/System/Library/PrivateFrameworks/APFS.framework/Versions/A/APFS
0x000000000648d000 	/System/Library/Frameworks/SecurityFoundation.framework/Versions/A/SecurityFoundation
0x000000000648d000 	/usr/lib/libutil.dylib
0x000000000648d000 	/System/Library/PrivateFrameworks/CoreServicesStore.framework/Versions/A/CoreServicesStore
0x000000000648d000 	/System/Library/Frameworks/ServiceManagement.framework/Versions/A/ServiceManagement
0x000000000648d000 	/System/Library/PrivateFrameworks/BackgroundTaskManagement.framework/Versions/A/BackgroundTaskManagement
0x000000000648d000 	/usr/lib/libxslt.1.dylib
0x000000000648d000 	/System/Library/PrivateFrameworks/AppleSystemInfo.framework/Versions/A/AppleSystemInfo
0x000000000648d000 	/System/Library/Frameworks/ImageIO.framework/Versions/A/Resources/libJPEG.dylib
0x000000000648d000 	/System/Library/Frameworks/ImageIO.framework/Versions/A/Resources/libTIFF.dylib
0x000000000648d000 	/System/Library/Frameworks/ImageIO.framework/Versions/A/Resources/libPng.dylib
0x000000000648d000 	/System/Library/Frameworks/ImageIO.framework/Versions/A/Resources/libGIF.dylib
0x000000000648d000 	/System/Library/Frameworks/ImageIO.framework/Versions/A/Resources/libJP2.dylib
0x000000000648d000 	/System/Library/Frameworks/ImageIO.framework/Versions/A/Resources/libRadiance.dylib
0x000000000648d000 	/usr/lib/libexpat.1.dylib
0x000000000648d000 	/System/Library/PrivateFrameworks/AppleJPEG.framework/Versions/A/AppleJPEG
0x000000000648d000 	/System/Library/PrivateFrameworks/FontServices.framework/libFontParser.dylib
0x000000000648d000 	/System/Library/PrivateFrameworks/WatchdogClient.framework/Versions/A/WatchdogClient
0x000000000648d000 	/System/Library/PrivateFrameworks/IOAccelerator.framework/Versions/A/IOAccelerator
0x000000000648d000 	/System/Library/Frameworks/MetalPerformanceShaders.framework/Versions/A/MetalPerformanceShaders
0x000000000648d000 	/System/Library/PrivateFrameworks/GPUWrangler.framework/Versions/A/GPUWrangler
0x000000000648d000 	/System/Library/PrivateFrameworks/IOPresentment.framework/Versions/A/IOPresentment
0x000000000648d000 	/System/Library/PrivateFrameworks/DSExternalDisplay.framework/Versions/A/DSExternalDisplay
0x000000000648d000 	/System/Library/Frameworks/OpenGL.framework/Versions/A/Libraries/libCoreFSCache.dylib
0x000000000648d000 	/System/Library/Frameworks/MetalPerformanceShaders.framework/Frameworks/MPSCore.framework/Versions/A/MPSCore
0x000000000648d000 	/System/Library/Frameworks/MetalPerformanceShaders.framework/Frameworks/MPSImage.framework/Versions/A/MPSImage
0x000000000648d000 	/System/Library/Frameworks/MetalPerformanceShaders.framework/Frameworks/MPSNeuralNetwork.framework/Versions/A/MPSNeuralNetwork
0x000000000648d000 	/System/Library/Frameworks/MetalPerformanceShaders.framework/Frameworks/MPSMatrix.framework/Versions/A/MPSMatrix
0x000000000648d000 	/System/Library/Frameworks/MetalPerformanceShaders.framework/Frameworks/MPSRayIntersector.framework/Versions/A/MPSRayIntersector
0x000000000648d000 	/System/Library/Frameworks/MetalPerformanceShaders.framework/Frameworks/MPSNDArray.framework/Versions/A/MPSNDArray
0x000000000648d000 	/System/Library/PrivateFrameworks/MetalTools.framework/Versions/A/MetalTools
0x000000000648d000 	/System/Library/PrivateFrameworks/AggregateDictionary.framework/Versions/A/AggregateDictionary
0x000000000648d000 	/System/Library/PrivateFrameworks/CoreAnalytics.framework/Versions/A/CoreAnalytics
0x000000000648d000 	/System/Library/PrivateFrameworks/AppleSauce.framework/Versions/A/AppleSauce
0x000000000648d000 	/usr/lib/libIOReport.dylib
0x000000000648d000 	/System/Library/Frameworks/CoreVideo.framework/Versions/A/CoreVideo
0x000000000648d000 	/System/Library/PrivateFrameworks/GraphVisualizer.framework/Versions/A/GraphVisualizer
0x000000000648d000 	/System/Library/PrivateFrameworks/FaceCore.framework/Versions/A/FaceCore
0x000000000648d000 	/System/Library/Frameworks/OpenCL.framework/Versions/A/OpenCL
0x000000000648d000 	/usr/lib/libFosl_dynamic.dylib
0x000000000648d000 	/System/Library/PrivateFrameworks/OTSVG.framework/Versions/A/OTSVG
0x000000000648d000 	/System/Library/Frameworks/ApplicationServices.framework/Versions/A/Frameworks/ATS.framework/Versions/A/Resources/libFontRegistry.dylib
0x000000000648d000 	/System/Library/PrivateFrameworks/FontServices.framework/libhvf.dylib
0x000000000648d000 	/System/Library/Frameworks/OpenGL.framework/Versions/A/Libraries/libGFXShared.dylib
0x000000000648d000 	/System/Library/Frameworks/OpenGL.framework/Versions/A/Libraries/libGLU.dylib
0x000000000648d000 	/System/Library/Frameworks/OpenGL.framework/Versions/A/Libraries/libGL.dylib
0x000000000648d000 	/System/Library/Frameworks/OpenGL.framework/Versions/A/Libraries/libGLImage.dylib
0x000000000648d000 	/System/Library/Frameworks/OpenGL.framework/Versions/A/Libraries/libCVMSPluginSupport.dylib
0x000000000648d000 	/System/Library/Frameworks/OpenGL.framework/Versions/A/Libraries/libCoreVMClient.dylib
0x000000000648d000 	/usr/lib/libncurses.5.4.dylib
0x000000000648d000 	/System/Library/Frameworks/ApplicationServices.framework/Versions/A/Frameworks/ATS.framework/Versions/A/ATS
0x000000000648d000 	/System/Library/Frameworks/ApplicationServices.framework/Versions/A/Frameworks/ColorSyncLegacy.framework/Versions/A/ColorSyncLegacy
0x000000000648d000 	/System/Library/Frameworks/ApplicationServices.framework/Versions/A/Frameworks/HIServices.framework/Versions/A/HIServices
0x000000000648d000 	/System/Library/Frameworks/ApplicationServices.framework/Versions/A/Frameworks/LangAnalysis.framework/Versions/A/LangAnalysis
0x000000000648d000 	/System/Library/Frameworks/ApplicationServices.framework/Versions/A/Frameworks/PrintCore.framework/Versions/A/PrintCore
0x000000000648d000 	/System/Library/Frameworks/ApplicationServices.framework/Versions/A/Frameworks/QD.framework/Versions/A/QD
0x000000000648d000 	/System/Library/Frameworks/ApplicationServices.framework/Versions/A/Frameworks/SpeechSynthesis.framework/Versions/A/SpeechSynthesis
0x000000000648d000 	/System/Library/Frameworks/ApplicationServices.framework/Versions/A/Frameworks/ATSUI.framework/Versions/A/ATSUI
0x000000000648d000 	/usr/lib/libcups.2.dylib
0x000000000648d000 	/System/Library/Frameworks/Kerberos.framework/Versions/A/Kerberos
0x000000000648d000 	/System/Library/Frameworks/GSS.framework/Versions/A/GSS
0x000000000648d000 	/usr/lib/libresolv.9.dylib
0x000000000648d000 	/System/Library/PrivateFrameworks/Heimdal.framework/Versions/A/Heimdal
0x000000000648d000 	/System/Library/Frameworks/Kerberos.framework/Versions/A/Libraries/libHeimdalProxy.dylib
0x000000000648d000 	/usr/lib/libheimdal-asn1.dylib
0x000000000648d000 	/System/Library/PrivateFrameworks/CommonAuth.framework/Versions/A/CommonAuth
0x000000000648d000 	/System/Library/PrivateFrameworks/AssertionServices.framework/Versions/A/AssertionServices
0x000000000648d000 	/System/Library/PrivateFrameworks/AudioToolboxCore.framework/Versions/A/AudioToolboxCore
0x000000000648d000 	/System/Library/PrivateFrameworks/caulk.framework/Versions/A/caulk
0x000000000648d000 	/System/Library/PrivateFrameworks/BaseBoard.framework/Versions/A/BaseBoard
0x000000000648d000 	/System/Library/PrivateFrameworks/RunningBoardServices.framework/Versions/A/RunningBoardServices
0x000000000648d000 	/System/Library/PrivateFrameworks/PersistentConnection.framework/Versions/A/PersistentConnection
0x000000000648d000 	/System/Library/PrivateFrameworks/ProtocolBuffer.framework/Versions/A/ProtocolBuffer
0x000000000648d000 	/System/Library/PrivateFrameworks/CommonUtilities.framework/Versions/A/CommonUtilities
0x000000000648d000 	/System/Library/PrivateFrameworks/Bom.framework/Versions/A/Bom
0x000000000648d000 	/usr/lib/libAudioToolboxUtility.dylib
0x000000000648d000 	/System/Library/PrivateFrameworks/Backup.framework/Versions/A/Backup
0x000000000648d000 	/System/Library/PrivateFrameworks/CrashReporterSupport.framework/Versions/A/CrashReporterSupport
0x000000000648d000 	/System/Library/PrivateFrameworks/Sharing.framework/Versions/A/Sharing
0x000000000648d000 	/System/Library/PrivateFrameworks/Apple80211.framework/Versions/A/Apple80211
0x000000000648d000 	/System/Library/PrivateFrameworks/AuthKit.framework/Versions/A/AuthKit
0x000000000648d000 	/System/Library/PrivateFrameworks/CoreUtils.framework/Versions/A/CoreUtils
0x000000000648d000 	/System/Library/Frameworks/CoreWLAN.framework/Versions/A/CoreWLAN
0x000000000648d000 	/System/Library/Frameworks/IOBluetooth.framework/Versions/A/IOBluetooth
0x000000000648d000 	/System/Library/PrivateFrameworks/MobileKeyBag.framework/Versions/A/MobileKeyBag
0x000000000648d000 	/System/Library/PrivateFrameworks/CorePhoneNumbers.framework/Versions/A/CorePhoneNumbers
0x000000000648d000 	/System/Library/PrivateFrameworks/AppleIDAuthSupport.framework/Versions/A/AppleIDAuthSupport
0x000000000648d000 	/System/Library/Frameworks/Network.framework/Versions/A/Network
0x000000000648d000 	/System/Library/PrivateFrameworks/KeychainCircle.framework/Versions/A/KeychainCircle
0x000000000648d000 	/System/Library/Frameworks/CoreBluetooth.framework/Versions/A/CoreBluetooth
0x000000000648d000 	/System/Library/PrivateFrameworks/SpeechRecognitionCore.framework/Versions/A/SpeechRecognitionCore
0x0000000100a00000 	/Library/Java/JavaVirtualMachines/jdk1.8.0_131.jdk/Contents/Home/jre/lib/server/libjvm.dylib
0x000000000648d000 	/usr/lib/libstdc++.6.dylib
0x0000000100044000 	/Library/Java/JavaVirtualMachines/jdk1.8.0_131.jdk/Contents/Home/jre/lib/libverify.dylib
0x0000000100052000 	/Library/Java/JavaVirtualMachines/jdk1.8.0_131.jdk/Contents/Home/jre/lib/libjava.dylib
0x0000000100088000 	/Library/Java/JavaVirtualMachines/jdk1.8.0_131.jdk/Contents/Home/jre/lib/libinstrument.dylib
0x00000001000f4000 	/Library/Java/JavaVirtualMachines/jdk1.8.0_131.jdk/Contents/Home/jre/lib/libzip.dylib
0x000000000648d000 	/System/Library/Frameworks/JavaVM.framework/Versions/A/Frameworks/JavaRuntimeSupport.framework/Versions/A/JavaRuntimeSupport
0x000000000648d000 	/System/Library/Frameworks/JavaVM.framework/Versions/A/Frameworks/JavaNativeFoundation.framework/Versions/A/JavaNativeFoundation
0x000000000648d000 	/System/Library/Frameworks/JavaVM.framework/Versions/A/JavaVM
0x000000000648d000 	/System/Library/Frameworks/Carbon.framework/Versions/A/Carbon
0x000000000648d000 	/System/Library/PrivateFrameworks/CoreSymbolication.framework/Versions/A/CoreSymbolication
0x000000000648d000 	/System/Library/PrivateFrameworks/JavaLaunching.framework/Versions/A/JavaLaunching
0x000000000648d000 	/System/Library/Frameworks/Carbon.framework/Versions/A/Frameworks/CommonPanels.framework/Versions/A/CommonPanels
0x000000000648d000 	/System/Library/Frameworks/Carbon.framework/Versions/A/Frameworks/Help.framework/Versions/A/Help
0x000000000648d000 	/System/Library/Frameworks/Carbon.framework/Versions/A/Frameworks/ImageCapture.framework/Versions/A/ImageCapture
0x000000000648d000 	/System/Library/Frameworks/Carbon.framework/Versions/A/Frameworks/OpenScripting.framework/Versions/A/OpenScripting
0x000000000648d000 	/System/Library/Frameworks/Carbon.framework/Versions/A/Frameworks/Ink.framework/Versions/A/Ink
0x000000000648d000 	/System/Library/Frameworks/Carbon.framework/Versions/A/Frameworks/Print.framework/Versions/A/Print
0x000000000648d000 	/System/Library/Frameworks/Carbon.framework/Versions/A/Frameworks/SecurityHI.framework/Versions/A/SecurityHI
0x000000000648d000 	/System/Library/PrivateFrameworks/DebugSymbols.framework/Versions/A/DebugSymbols
0x0000000109162000 	/Library/Java/JavaVirtualMachines/jdk1.8.0_131.jdk/Contents/Home/jre/lib/libnet.dylib
0x0000000109179000 	/Library/Java/JavaVirtualMachines/jdk1.8.0_131.jdk/Contents/Home/jre/lib/libmanagement.dylib
0x0000000109187000 	/Library/Java/JavaVirtualMachines/jdk1.8.0_131.jdk/Contents/Home/jre/lib/libnio.dylib
0x000000010a5c6000 	/Library/Java/JavaVirtualMachines/jdk1.8.0_131.jdk/Contents/Home/jre/lib/libawt.dylib
0x000000010a66e000 	/Library/Java/JavaVirtualMachines/jdk1.8.0_131.jdk/Contents/Home/jre/lib/libmlib_image.dylib
0x000000010a73a000 	/Library/Java/JavaVirtualMachines/jdk1.8.0_131.jdk/Contents/Home/jre/lib/libawt_lwawt.dylib
0x000000010a7f1000 	/Library/Java/JavaVirtualMachines/jdk1.8.0_131.jdk/Contents/Home/jre/lib/libosxapp.dylib
0x000000000648d000 	/System/Library/Frameworks/ExceptionHandling.framework/Versions/A/ExceptionHandling
0x000000000648d000 	/System/Library/PrivateFrameworks/CoreServicesInternal.framework/Versions/A/CoreServicesInternal
0x000000000648d000 	/System/Library/Frameworks/FileProvider.framework/Versions/A/FileProvider
0x000000000648d000 	/System/Library/Frameworks/Accounts.framework/Versions/A/Accounts
0x000000000648d000 	/System/Library/PrivateFrameworks/GenerationalStorage.framework/Versions/A/GenerationalStorage
0x000000000648d000 	/System/Library/PrivateFrameworks/SymptomDiagnosticReporter.framework/Versions/A/SymptomDiagnosticReporter
0x000000000648d000 	/System/Library/PrivateFrameworks/AppContainer.framework/Versions/A/AppContainer
0x000000000648d000 	/usr/lib/libsandbox.1.dylib
0x000000000648d000 	/System/Library/PrivateFrameworks/UserManagement.framework/Versions/A/UserManagement
0x000000000648d000 	/System/Library/PrivateFrameworks/ChunkingLibrary.framework/Versions/A/ChunkingLibrary
0x000000000648d000 	/System/Library/PrivateFrameworks/AppSandbox.framework/Versions/A/AppSandbox
0x000000000648d000 	/System/Library/PrivateFrameworks/SecCodeWrapper.framework/Versions/A/SecCodeWrapper
0x000000000648d000 	/usr/lib/libMatch.1.dylib
0x000000000648d000 	/System/Library/CoreServices/RawCamera.bundle/Contents/MacOS/RawCamera
0x000000000648d000 	/System/Library/PrivateFrameworks/MobileAsset.framework/Versions/A/MobileAsset
0x000000000648d000 	/System/Library/PrivateFrameworks/StreamingZip.framework/Versions/A/StreamingZip
0x000000000648d000 	/System/Library/Frameworks/MediaToolbox.framework/Versions/A/MediaToolbox
0x000000000648d000 	/System/Library/PrivateFrameworks/CoreAVCHD.framework/Versions/A/CoreAVCHD
0x000000000648d000 	/System/Library/Frameworks/MediaAccessibility.framework/Versions/A/MediaAccessibility
0x000000000648d000 	/System/Library/PrivateFrameworks/Mangrove.framework/Versions/A/Mangrove
0x000000000648d000 	/System/Library/Frameworks/CoreMedia.framework/Versions/A/CoreMedia
0x000000000648d000 	/System/Library/PrivateFrameworks/MediaExperience.framework/Versions/A/MediaExperience
0x000000000648d000 	/System/Library/Frameworks/VideoToolbox.framework/Versions/A/VideoToolbox
0x000000000648d000 	/System/Library/PrivateFrameworks/CoreAUC.framework/Versions/A/CoreAUC
0x000000000648d000 	/usr/lib/libspindump.dylib
0x000000000648d000 	/System/Library/PrivateFrameworks/AudioResourceArbitration.framework/Versions/A/AudioResourceArbitration
0x000000000648d000 	/System/Library/PrivateFrameworks/AppleVA.framework/Versions/A/AppleVA
0x000000000648d000 	/System/Library/Frameworks/Accelerate.framework/Versions/A/Frameworks/vImage.framework/Versions/A/Libraries/libCGInterfaces.dylib
0x000000011af1a000 	/usr/lib/libobjc-trampolines.dylib
0x000000000648d000 	/System/Library/PrivateFrameworks/FontServices.framework/libTrueTypeScaler.dylib
0x000000000648d000 	/System/Library/Extensions/AppleIntelSKLGraphicsMTLDriver.bundle/Contents/MacOS/AppleIntelSKLGraphicsMTLDriver
0x000000000648d000 	/System/Library/PrivateFrameworks/GPUCompiler.framework/Versions/3902/Libraries/libmetal_timestamp.dylib
0x000000000648d000 	/System/Library/PrivateFrameworks/FamilyControls.framework/Versions/A/FamilyControls
0x000000000648d000 	/System/Library/PrivateFrameworks/CommerceKit.framework/Versions/A/Frameworks/CommerceCore.framework/Versions/A/CommerceCore
0x000000000648d000 	/System/Library/PrivateFrameworks/SystemAdministration.framework/Versions/A/SystemAdministration
0x000000000648d000 	/System/Library/PrivateFrameworks/DiskManagement.framework/Versions/A/DiskManagement
0x000000000648d000 	/System/Library/Frameworks/DirectoryService.framework/Versions/A/DirectoryService
0x000000000648d000 	/System/Library/PrivateFrameworks/DiskImages.framework/Versions/A/DiskImages
0x000000000648d000 	/System/Library/PrivateFrameworks/LoginUIKit.framework/Versions/A/Frameworks/LoginUICore.framework/Versions/A/LoginUICore
0x000000000648d000 	/usr/lib/libCoreStorage.dylib
0x000000000648d000 	/usr/lib/libcsfde.dylib
0x000000000648d000 	/usr/lib/libodfde.dylib
0x000000000648d000 	/System/Library/PrivateFrameworks/MediaKit.framework/Versions/A/MediaKit
0x000000000648d000 	/System/Library/Frameworks/DiscRecording.framework/Versions/A/DiscRecording
0x000000000648d000 	/System/Library/PrivateFrameworks/EFILogin.framework/Versions/A/EFILogin
0x000000000648d000 	/System/Library/PrivateFrameworks/ProtectedCloudStorage.framework/Versions/A/ProtectedCloudStorage
0x000000000648d000 	/usr/lib/libcurl.4.dylib
0x000000000648d000 	/usr/lib/libcrypto.44.dylib
0x000000000648d000 	/usr/lib/libssl.46.dylib
0x000000000648d000 	/System/Library/Frameworks/LDAP.framework/Versions/A/LDAP
0x000000000648d000 	/System/Library/PrivateFrameworks/TrustEvaluationAgent.framework/Versions/A/TrustEvaluationAgent
0x000000000648d000 	/usr/lib/libsasl2.2.dylib
0x000000000648d000 	/System/Library/PrivateFrameworks/CoreDaemon.framework/Versions/B/CoreDaemon
0x000000000648d000 	/System/Library/PrivateFrameworks/AppleSRP.framework/Versions/A/AppleSRP
0x000000000648d000 	/System/Library/PrivateFrameworks/ViewBridge.framework/Versions/A/ViewBridge
0x000000011c12d000 	/Library/Java/JavaVirtualMachines/jdk1.8.0_131.jdk/Contents/Home/jre/lib/libfontmanager.dylib
0x000000011c194000 	/Users/Tim/.gradle/caches/minecraft/net/minecraft/natives/1.8.9/liblwjgl.dylib
0x000000011b6ac000 	/Library/Java/JavaVirtualMachines/jdk1.8.0_131.jdk/Contents/Home/jre/lib/libjawt.dylib
0x000000000648d000 	/System/Library/Frameworks/OpenGL.framework/Versions/A/Resources/GLEngine.bundle/GLEngine
0x000000000648d000 	/System/Library/Frameworks/OpenGL.framework/Versions/A/Libraries/libGLProgrammability.dylib
0x000000000648d000 	/System/Library/Extensions/AppleIntelSKLGraphicsGLDriver.bundle/Contents/MacOS/AppleIntelSKLGraphicsGLDriver
0x000000000648d000 	/System/Library/PrivateFrameworks/GPUSupport.framework/Versions/A/Libraries/libGPUSupportMercury.dylib
0x000000000648d000 	/System/Library/Frameworks/OpenGL.framework/Versions/A/Resources/GLRendererFloat.bundle/GLRendererFloat
0x000000000648d000 	/System/Library/Frameworks/OpenCL.framework/Versions/A/Libraries/libcldcpuengine.dylib
0x000000000648d000 	/System/Library/PrivateFrameworks/login.framework/Versions/A/login
0x000000011dc6a000 	/Users/Tim/.gradle/caches/minecraft/net/minecraft/natives/1.8.9/libtwitchsdk.dylib
0x000000000648d000 	/System/Library/Frameworks/AVFoundation.framework/Versions/A/AVFoundation
0x000000000648d000 	/System/Library/Frameworks/AVFoundation.framework/Versions/A/Frameworks/AVFAudio.framework/Versions/A/AVFAudio
0x000000000648d000 	/System/Library/Frameworks/CoreMediaIO.framework/Versions/A/CoreMediaIO
0x000000000648d000 	/usr/lib/libAudioStatistics.dylib
0x000000000648d000 	/System/Library/PrivateFrameworks/perfdata.framework/Versions/A/perfdata
0x000000000648d000 	/usr/lib/libperfcheck.dylib
0x000000000648d000 	/usr/lib/libSMC.dylib
0x000000011de34000 	/Users/Tim/.gradle/caches/minecraft/net/minecraft/natives/1.8.9/openal.dylib
0x000000011deb3000 	/System/Library/Components/CoreAudio.component/Contents/MacOS/CoreAudio
0x000000000648d000 	/System/Library/PrivateFrameworks/AudioSession.framework/Versions/A/AudioSession
0x000000000648d000 	/System/Library/PrivateFrameworks/AudioSession.framework/libSessionUtility.dylib
0x000000011e297000 	/Library/Java/JavaVirtualMachines/jdk1.8.0_131.jdk/Contents/Home/jre/lib/libsunec.dylib
0x000000000648d000 	/usr/lib/libusrtcp.dylib
0x000000011e2c5000 	/private/var/folders/3_/v8d998tx2cjgkjqst3tr_g_80000gn/T/jna/jna7257040369667412585.tmp

VM Arguments:
jvm_args: -Dfml.coreMods.load=net.labymod.core.asm.LabyModCoreMod -DdebugMode=true -Daddonresources=addon.json -javaagent:/Applications/IntelliJ IDEA CE.app/Contents/lib/idea_rt.jar=60790:/Applications/IntelliJ IDEA CE.app/Contents/bin -Dfile.encoding=UTF-8 
java_command: GradleStart
java_class_path (initial): /Library/Java/JavaVirtualMachines/jdk1.8.0_131.jdk/Contents/Home/jre/lib/charsets.jar:/Library/Java/JavaVirtualMachines/jdk1.8.0_131.jdk/Contents/Home/jre/lib/deploy.jar:/Library/Java/JavaVirtualMachines/jdk1.8.0_131.jdk/Contents/Home/jre/lib/ext/cldrdata.jar:/Library/Java/JavaVirtualMachines/jdk1.8.0_131.jdk/Contents/Home/jre/lib/ext/dnsns.jar:/Library/Java/JavaVirtualMachines/jdk1.8.0_131.jdk/Contents/Home/jre/lib/ext/jaccess.jar:/Library/Java/JavaVirtualMachines/jdk1.8.0_131.jdk/Contents/Home/jre/lib/ext/jfxrt.jar:/Library/Java/JavaVirtualMachines/jdk1.8.0_131.jdk/Contents/Home/jre/lib/ext/localedata.jar:/Library/Java/JavaVirtualMachines/jdk1.8.0_131.jdk/Contents/Home/jre/lib/ext/nashorn.jar:/Library/Java/JavaVirtualMachines/jdk1.8.0_131.jdk/Contents/Home/jre/lib/ext/sunec.jar:/Library/Java/JavaVirtualMachines/jdk1.8.0_131.jdk/Contents/Home/jre/lib/ext/sunjce_provider.jar:/Library/Java/JavaVirtualMachines/jdk1.8.0_131.jdk/Contents/Home/jre/lib/ext/sunpkcs11.jar:/Library/Java/JavaVirtualMachines/jdk1.8.0_131.jdk/Contents/Home/jre/lib/ext/zipfs.jar:/Library/Java/JavaVirtualMachines/jdk1.8.0_131.jdk/Contents/Home/jre/lib/javaws.jar:/Library/Java/JavaVirtualMachines/jdk1.8.0_131.jdk/Contents/Home/jre/lib/jce.jar:/Library/Java/JavaVirtualMachines/jdk1.8.0_131.jdk/Contents/Home/jre/lib/jfr.jar:/Library/Java/JavaVirtualMachines/jdk1.8.0_131.jdk/Contents/Home/jre/lib/jfxswt.jar:/Library/Java/JavaVirtualMachines/jdk1.8.0_131.jdk/Contents/Home/jre/lib/jsse.jar:/Library/Java/JavaVirtualMachines/jdk1.8.0_131.jdk/Contents/Home/jre/lib/management-agent.jar:/Library/Java/JavaVirtualMachines/jdk1.8.0_131.jdk/Contents/Home/jre/lib/plugin.jar:/Library/Java/JavaVirtualMachines/jdk1.8.0_131.jdk/Contents/Home/jre/lib/resources.jar:/Library/Java/JavaVirtualMachines/jdk1.8.0_131.jdk/Contents/Home/jre/lib/rt.jar:/Library/Java/JavaVirtualMachines/jdk1.8.0_131.jdk/Contents/Home/lib/ant-javafx.jar:/Library/Java/JavaVirtualMachines/jdk1.8.0_131.jdk/Contents/Home
Launcher Type: SUN_STANDARD

Environment Variables:
PATH=/Library/Frameworks/Python.framework/Versions/3.8/bin:/usr/local/bin:/usr/bin:/bin:/usr/sbin:/sbin:/Library/TeX/texbin:/usr/local/MacGPG2/bin:/usr/local/share/dotnet:/opt/X11/bin:~/.dotnet/tools:/Library/Apple/usr/bin:/Library/Frameworks/Mono.framework/Versions/Current/Commands
SHELL=/bin/zsh
DISPLAY=/private/tmp/com.apple.launchd.APjx0v1w3Y/org.macosforge.xquartz:0

Signal Handlers:
SIGSEGV: [libjvm.dylib+0x5b1eb1], sa_mask[0]=11111111011111110111111111111111, sa_flags=SA_ONSTACK|SA_RESTART|SA_SIGINFO
SIGBUS: [libjvm.dylib+0x5b1eb1], sa_mask[0]=11111111011111110111111111111111, sa_flags=SA_RESTART|SA_SIGINFO
SIGFPE: [libjvm.dylib+0x488988], sa_mask[0]=11111111011111110111111111111111, sa_flags=SA_RESTART|SA_SIGINFO
SIGPIPE: [libjvm.dylib+0x488988], sa_mask[0]=11111111011111110111111111111111, sa_flags=SA_RESTART|SA_SIGINFO
SIGXFSZ: [libjvm.dylib+0x488988], sa_mask[0]=11111111011111110111111111111111, sa_flags=SA_RESTART|SA_SIGINFO
SIGILL: [libjvm.dylib+0x488988], sa_mask[0]=11111111011111110111111111111111, sa_flags=SA_RESTART|SA_SIGINFO
SIGUSR1: SIG_DFL, sa_mask[0]=00000000000000000000000000000000, sa_flags=none
SIGUSR2: [libjvm.dylib+0x4884a6], sa_mask[0]=00100000000000000000000000000000, sa_flags=SA_RESTART|SA_SIGINFO
SIGHUP: [libjvm.dylib+0x486a7d], sa_mask[0]=11111111011111110111111111111111, sa_flags=SA_RESTART|SA_SIGINFO
SIGINT: [libjvm.dylib+0x486a7d], sa_mask[0]=11111111011111110111111111111111, sa_flags=SA_RESTART|SA_SIGINFO
SIGTERM: [libjvm.dylib+0x486a7d], sa_mask[0]=11111111011111110111111111111111, sa_flags=SA_RESTART|SA_SIGINFO
SIGQUIT: [libjvm.dylib+0x486a7d], sa_mask[0]=11111111011111110111111111111111, sa_flags=SA_RESTART|SA_SIGINFO


---------------  S Y S T E M  ---------------

OS:Bsduname:Darwin 19.5.0 Darwin Kernel Version 19.5.0: Tue May 26 20:41:44 PDT 2020; root:xnu-6153.121.2~2/RELEASE_X86_64 x86_64
rlimit: STACK 8192k, CORE 0k, NPROC 1392, NOFILE 10240, AS infinity
load average:5.71 4.12 3.77

CPU:total 4 (initial active 4) (2 cores per cpu, 2 threads per core) family 6 model 78 stepping 3, cmov, cx8, fxsr, mmx, sse, sse2, sse3, ssse3, sse4.1, sse4.2, popcnt, avx, avx2, aes, clmul, erms, 3dnowpref, lzcnt, ht, tsc, tscinvbit, bmi1, bmi2, adx

Memory: 4k page, physical 8388608k(304524k free)

/proc/meminfo:


vm_info: Java HotSpot(TM) 64-Bit Server VM (25.131-b11) for bsd-amd64 JRE (1.8.0_131-b11), built on Mar 15 2017 01:32:22 by "java_re" with gcc 4.2.1 (Based on Apple Inc. build 5658) (LLVM build 2336.11.00)

time: Wed Aug  5 13:07:02 2020
elapsed time: 304 seconds (0d 0h 5m 4s)

