#
# A fatal error has been detected by the Java Runtime Environment:
#
#  SIGSEGV (0xb) at pc=0x0000000000000000, pid=12807, tid=0x000000000000dc07
#
# JRE version: Java(TM) SE Runtime Environment (8.0_131-b11) (build 1.8.0_131-b11)
# Java VM: Java HotSpot(TM) 64-Bit Server VM (25.131-b11 mixed mode bsd-amd64 compressed oops)
# Problematic frame:
# C  0x0000000000000000
#
# Failed to write core dump. Core dumps have been disabled. To enable core dumping, try "ulimit -c unlimited" before starting Java again
#
# If you would like to submit a bug report, please visit:
#   http://bugreport.java.com/bugreport/crash.jsp
#

---------------  T H R E A D  ---------------

Current thread is native thread

siginfo: si_signo: 11 (SIGSEGV), si_code: 1 (SEGV_MAPERR), si_addr: 0x0000000000000000

Registers:
RAX=0x000000011d106508, RBX=0x00000000000161b0, RCX=0x0000000000000010, RDX=0xfffffffffffffff0
RSP=0x000070000a484a38, RBP=0x000070000a484ae0, RSI=0x0000000000000000, RDI=0x000000011ce9e000
R8 =0x0000000000000200, R9 =0x00007fc7ee9b2360, R10=0x000000012767b624, R11=0x0000000003ebfe90
R12=0x0000000000000200, R13=0x000000011ce9e000, R14=0x00007fc7ee9b2150, R15=0x0000000000000800
RIP=0x0000000000000000, EFLAGS=0x0000000000010246, ERR=0x0000000000000014
  TRAPNO=0x000000000000000e

Top of Stack: (sp=0x000070000a484a38)
0x000070000a484a38:   000000011d0d8639 0000000000000000
0x000070000a484a48:   0000000000000000 000000011cea61b0
0x000070000a484a58:   000000010b1d6010 000000011cea41b0
0x000070000a484a68:   0000020000000000 0000000000000000
0x000070000a484a78:   0000000000000800 0000000000000200
0x000070000a484a88:   000000011cea21b0 000000011ce9e000
0x000070000a484a98:   0000020067176318 000070000a484af0
0x000070000a484aa8:   000000010000037f 1f8da19f8b6600fc
0x000070000a484ab8:   00007fc7ee9b20d0 0000000000000200
0x000070000a484ac8:   00007fc7eaaf24d0 00007fc7ee9b2150
0x000070000a484ad8:   00007fc7ee9b2360 000070000a484af0
0x000070000a484ae8:   000000011d0e82ef 000070000a484bb0
0x000070000a484af8:   0000000127678d98 0000000000000000
0x000070000a484b08:   00007fc7ee9af7a0 000070000a484b40
0x000070000a484b18:   00007fc7ec83a200 00007fc7ec83a3f8
0x000070000a484b28:   0000000000000100 000070000a484c88
0x000070000a484b38:   0000000000000001 0000020000000200
0x000070000a484b48:   000070000a484d00 0000000000000000
0x000070000a484b58:   0000000000000000 000070000a484bb0
0x000070000a484b68:   00000001276796e2 0000000000000000
0x000070000a484b78:   0000000032aaaba2 1f8da19f8b6600fc
0x000070000a484b88:   00007fc7ec83a200 0000000000001000
0x000070000a484b98:   0000000000001000 00007fc7ee9af7a0
0x000070000a484ba8:   00007fc7ee9af890 000070000a484c50
0x000070000a484bb8:   000000012769ac23 0000000000000040
0x000070000a484bc8:   000070000a484c88 00007fc7ee9af7a0
0x000070000a484bd8:   000070000a484d00 0000000000000000
0x000070000a484be8:   0000020000001fa0 0000700000009fe0
0x000070000a484bf8:   00007fff6717632b 0000000000000000
0x000070000a484c08:   0000000000000000 0000000000000000
0x000070000a484c18:   00007fff6a8fea3d 1f8da19f8b6600fc
0x000070000a484c28:   00007fc7ec83a200 0000000000000200 

Instructions: (pc=0x0000000000000000)
0xffffffffffffffe0:   

Register to memory mapping:

RAX=0x000000011d106508: PlaybackBackend+0x20 in /Users/Tim/.gradle/caches/minecraft/net/minecraft/natives/1.8.9/openal.dylib at 0x000000011d0bd000
RBX=0x00000000000161b0 is an unknown value
RCX=0x0000000000000010 is an unknown value
RDX=0xfffffffffffffff0 is an unknown value
RSP=0x000070000a484a38 is an unknown value
RBP=0x000070000a484ae0 is an unknown value
RSI=0x0000000000000000 is an unknown value
RDI=0x000000011ce9e000 is an unknown value
R8 =0x0000000000000200 is an unknown value
R9 =0x00007fc7ee9b2360 is an unknown value
R10=