#
# A fatal error has been detected by the Java Runtime Environment:
#
#  SIGSEGV (0xb) at pc=0x0000000000000000, pid=53506, tid=0x000000000001570f
#
# JRE version: Java(TM) SE Runtime Environment (8.0_131-b11) (build 1.8.0_131-b11)
# Java VM: Java HotSpot(TM) 64-Bit Server VM (25.131-b11 mixed mode bsd-amd64 compressed oops)
# Problematic frame:
# C  0x0000000000000000
#
# Failed to write core dump. Core dumps have been disabled. To enable core dumping, try "ulimit -c unlimited" before starting Java again
#
# If you would like to submit a bug report, please visit:
#   http://bugreport.java.com/bugreport/crash.jsp
#

---------------  T H R E A D  ---------------

Current thread is native thread

siginfo: si_signo: 11 (SIGSEGV), si_code: 1 (SEGV_MAPERR), si_addr: 0x0000000000000000

Registers:
RAX=0x00000001292e3508, RBX=0x00000000000161b0, RCX=0x0000000000000010, RDX=0xfffffffffffffff0
RSP=0x00007000043eca38, RBP=0x00007000043ecae0, RSI=0x0000000000000000, RDI=0x0000000116aaf000
R8 =0x0000000000000200, R9 =0x00007fe3123ad190, R10=0x000000012ae8c624, R11=0x000000000000e300
R12=0x0000000000000200, R13=0x0000000116aaf000, R14=0x00007fe3122ade10, R15=0x0000000000000800
RIP=0x0000000000000000, EFLAGS=0x0000000000010246, ERR=0x0000000000000014
  TRAPNO=0x000000000000000e

Top of Stack: (sp=0x00007000043eca38)
0x00007000043eca38:   00000001292b5639 0000000000000000
0x00007000043eca48:   0000000000000000 0000000116ab71b0
0x00007000043eca58:   00000001158ca010 0000000116ab51b0
0x00007000043eca68:   0000020000000000 0000000000000000
0x00007000043eca78:   0000000000000800