#
# A fatal error has been detected by the Java Runtime Environment:
#
#  SIGSEGV (0xb) at pc=0x0000000000000000, pid=56952, tid=0x000000000001fc07
#
# JRE version: Java(TM) SE Runtime Environment (8.0_131-b11) (build 1.8.0_131-b11)
# Java VM: Java HotSpot(TM) 64-Bit Server VM (25.131-b11 mixed mode bsd-amd64 compressed oops)
# Problematic frame:
# C  0x0000000000000000
#
# Failed to write core dump. Core dumps have been disabled. To enable core dumping, try "ulimit -c unlimited" before starting Java again
#
# If you would like to submit a bug report, please visit:
#   http://bugreport.java.com/bugreport/crash.jsp
#

---------------  T H R E A D  ---------------

Current thread is native thread

siginfo: si_signo: 11 (SIGSEGV), si_code: 1 (SEGV_MAPERR), si_addr: 0x0000000000000000

Registers:
RAX=0x0000000129425508, RBX=0x00000000000161b0, RCX=0x0000000000000010, RDX=0xfffffffffffffff0
RSP=0x000070000b1c5a38, RBP=0x000070000b1c5ae0, RSI=0x0000000000000000, RDI=0x00007fbf8b064000
R8 =0x0000000000000200, R9 =0x00007fbf8bb314b0, R10=0x0000000129462624, R11=0xffffffffed6edc80
R12=0x0000000000000200, R13=0x00007fbf8b064000, R14=0x00007fbf9eab8750, R15=0x0000000000000800
RIP=0x0000000000000000, EFLAGS=0x0000000000010246, ERR=0x0000000000000014
  TRAPNO=0x000000000000000e

Top of Stack: (sp=0x000070000b1c5a38)
0x000070000b1c5a38:   00000001293f7639 0000000000000000
0x000070000b1c5a48:   0000000000000000 00007fbf8b06c1b0
0x000070000b1c5a58:   0000000129604010 00007fbf8b06a1b0
0x000070000b1c5a68:   0000020000000000 0000000000000000
0x000070000b1c5a78:   0000000000000800 0000000000000200
0x000070000b1c5a88:   00007fbf8b0681b0 00007fbf8b064000
0x000070000b1c5a98:   0000020068fa6318 000070000b1c5af0
0x000070000b1c5aa8:   000000010000037f 38b10da68cad003c
0x000070000b1c5ab8:   00007fbf9eab86d0 0000000000000200
0x000070000b1c5ac8:   00007fbf9e443830 00007fbf9eab8750
0x000070000b1c5ad8:   00007fbf8bb314b0 000070000b1c5af0
0x000070000b1c5ae8:   00000001294072ef 000070000b1c5bb0
0x000070000b1c5af8:   000000012945fd98 0000000000000000
0x000070000b1c5b08:   00007fbf9eab85e0 000070000b1c5b40
0x000070000b1c5b18:   00007fbf9ca8de00 00007fbf9ca8dff8
0x000070000b1c5b28:   0000000000000100 000070000b1c5c88
0x000070000b1c5b38:   0000000000000001 0000020000000200
0x000070000b1c5b48:   000070000b1c5d00 0000000000000000
0x000070000b1c5b58:   0000000000000000 000070000b1c5bb0
0x000070000b1c5b68:   00000001294606e2 0000000000000000
0x000070000b1c5b78:   0000000032aaaba2 38b10da68cad003c
0x000070000b1c5b88:   00007fbf9ca8de00 0000000000001000
0x000070000b1c5b98:   0000000000001000 00007fbf9eab85e0
0x000070000b1c5ba8:   00007fbf9ea55e70 000070000b1c5c50
0x000070000b1c5bb8:   0000000129481c23 0000000000000040
0x000070000b1c5bc8:   000070000b1c5c88 00007fbf9eab85e0
0x000070000b1c5bd8:   000070000b1c5d00 0000000000000000
0x000070000b1c5be8:   0000020000001fa0 0000700000009fe0
0x000070000b1c5bf8:   00007fff68fa632b 0000000000000000
0x000070000b1c5c08:   0000000000000000 0000000000000000
0x000070000b1c5c18:   00007fff6c72ea3d 38b10da68cad003c
0x000070000b1c5c28:   00007fbf9ca8de00 0000000000000200 

Instructions: (pc=0x0000000000000000)
0xffffffffffffffe0:   

Register to memory mapping:

RAX=0x0000000129425508: PlaybackBackend+0x20 in /Users/Tim/.gradle/caches/minecraft/net/minecraft/natives/1.8.9/openal.dylib at 0x00000001293dc000
RBX=0x00000000000161b0 is an unknown value
RCX=0x0000000000000010 is an unknown value
RDX=0xfffffffffffffff0 is an unknown value
RSP=0x000070000b1c5a38 is an unknown value
RBP=0x000070000b1c5ae0 is an unknown value
RSI=0x0000000000000000 is an unknown value
RDI=0x00007fbf8b064000 is an unknown value
R8 =0x0000000000000200 is an unknown value
R9 =0x00007fbf8bb314b0 is an unknown value
R10=0x0000000129462624: AUGenericOutputFactory+0x1680 in /System/Library/Components/CoreAudio.component/Contents/MacOS/CoreAudio at 0x0000000129456000
R11=0xffffffffed6edc80 is an unknown value
R12=0x0000000000000200 is an unknown value
R13=0x00007fbf8b064000 is an unknown value
R14=0x00007fbf9eab8750 is an unknown value
R15=0x0000000000000800 is an unknown value


Stack: [0x000070000b146000,0x000070000b1c6000],  sp=0x000070000b1c5a38,  free space=510k

---------------  P R O C E S S  ---------------

VM state:at safepoint (shutting down)

VM Mutex/Monitor currently owned by a thread:  ([mutex/lock_event])
[0x00007fbf9af057d0] Threads_lock - owner thread: 0x00007fbf9c815800

Heap:
 PSYoungGen      total 643072K, used 565370K [0x0000000795580000, 0x00000007c0000000, 0x00000007c0000000)
  eden space 592896K, 90% used [0x0000000795580000,0x00000007b60426d8,0x00000007b9880000)
  from space 50176K, 59% used [0x00000007b9880000,0x00000007bb5dc168,0x00000007bc980000)
  to   space 50688K, 0% used [0x00000007bce80000,0x00000007bce80000,0x00000007c0000000)
 ParOldGen       total 242688K, used 204720K [0x0000000740000000, 0x000000074ed00000, 0x0000000795580000)
  object space 242688K, 84% used [0x0000000740000000,0x000000074c7ec3c8,0x000000074ed00000)
 Metaspace       used 58753K, capacity 59295K, committed 59776K, reserved 1101824K
  class space    used 8128K, capacity 8289K, committed 8320K, reserved 1048576K

Card table byte_map: [0x000000010c1fb000,0x000000010c5fc000] byte_map_base: 0x00000001087fb000

Marking Bits: (ParMarkBitMap*) 0x000000010b6f1ea0
 Begin Bits: [0x000000011c738000, 0x000000011e738000)
 End Bits:   [0x000000011e738000, 0x0000000120738000)

Polling page: 0x000000010a5dd000

CodeCache: size=245760Kb used=19390Kb max_used=19781Kb free=226369Kb
 bounds [0x000000010d738000, 0x000000010eab8000, 0x000000011c738000]
 total_blobs=6092 nmethods=5247 adapters=757
 compilation: enabled

Compilation events (10 events):
Event: 124.746 Thread 0x00007fbf9b93a800 7578       4       org.lwjgl.opengl.MacOSXNativeKeyboard::flushDeferredEvent (34 bytes)
Event: 124.746 Thread 0x00007fbf9b93a800 nmethod 7578 0x000000010d875150 code [0x000000010d8752a0, 0x000000010d875318]
Event: 124.777 Thread 0x00007fbf9b0cd000 7579       4       net.minecraft.client.Minecraft::checkGLError (92 bytes)
Event: 124.780 Thread 0x00007fbf9b0cd000 nmethod 7579 0x000000010def2b10 code [0x000000010def2c80, 0x000000010def2de8]
Event: 124.811 Thread 0x00007fbf9b93a800 7580       4       net.minecraftforge.fml.common.gameevent.TickEvent$RenderTickEvent::setup (26 bytes)
Event: 124.812 Thread 0x00007fbf9b93a800 nmethod 7580 0x000000010dc48a90 code [0x000000010dc48be0, 0x000000010dc48c98]
Event: 125.426 Thread 0x00007fbf9c0f1800 7581       1       org.apache.logging.log4j.core.config.LoggerConfig::getLevel (5 bytes)
Event: 125.426 Thread 0x00007fbf9c0f1800 nmethod 7581 0x000000010dba5890 code [0x000000010dba59e0, 0x000000010dba5af0]
Event: 125.427 Thread 0x00007fbf9c0f1800 7582       3       java.util.logging.LogManager$LoggerContext::ensureDefaultLogger (70 bytes)
Event: 125.428 Thread 0x00007fbf9c0f1800 nmethod 7582 0x000000010e5407d0 code [0x000000010e5409a0, 0x000000010e541248]

GC Heap History (10 events):
Event: 27.207 GC heap before
{Heap before GC invocations=25 (full 4):
 PSYoungGen      total 603136K, used 589032K [0x0000000795580000, 0x00000007c0000000, 0x00000007c0000000)
  eden space 563200K, 100% used [0x0000000795580000,0x00000007b7b80000,0x00000007b7b80000)
  from space 39936K, 64% used [0x00000007ba380000,0x00000007bbcba020,0x00000007bca80000)
  to   space 40960K, 0% used [0x00000007b7b80000,0x00000007b7b80000,0x00000007ba380000)
 ParOldGen       total 242688K, used 127299K [0x0000000740000000, 0x000000074ed00000, 0x0000000795580000)
  object space 242688K, 52% used [0x0000000740000000,0x0000000747c50d40,0x000000074ed00000)
 Metaspace       used 51048K, capacity 51427K, committed 51968K, reserved 1093632K
  class space    used 7285K, capacity 7405K, committed 7424K, reserved 1048576K
Event: 27.267 GC heap after
Heap after GC invocations=25 (full 4):
 PSYoungGen      total 604160K, used 40959K [0x0000000795580000, 0x00000007c0000000, 0x00000007c0000000)
  eden space 563200K, 0% used [0x0000000795580000,0x0000000795580000,0x00000007b7b80000)
  from space 40960K, 99% used [0x00000007b7b80000,0x00000007ba37ff10,0x00000007ba380000)
  to   space 53248K, 0% used [0x00000007bcc00000,0x00000007bcc00000,0x00000007c0000000)
 ParOldGen       total 242688K, used 144250K [0x0000000740000000, 0x000000074ed00000, 0x0000000795580000)
  object space 242688K, 59% used [0x0000000740000000,0x0000000748cde930,0x000000074ed00000)
 Metaspace       used 51048K, capacity 51427K, committed 51968K, reserved 1093632K
  class space    used 7285K, capacity 7405K, committed 7424K, reserved 1048576K
}
Event: 27.336 GC heap before
{Heap before GC invocations=26 (full 4):
 PSYoungGen      total 604160K, used 604159K [0x0000000795580000, 0x00000007c0000000, 0x00000007c0000000)
  eden space 563200K, 100% used [0x0000000795580000,0x00000007b7b80000,0x00000007b7b80000)
  from space 40960K, 99% used [0x00000007b7b80000,0x00000007ba37ff10,0x00000007ba380000)
  to   space 53248K, 0% used [0x00000007bcc00000,0x00000007bcc00000,0x00000007c0000000)
 ParOldGen       total 242688K, used 144250K [0x0000000740000000, 0x000000074ed00000, 0x0000000795580000)
  object space 242688K, 59% used [0x0000000740000000,0x0000000748cde930,0x000000074ed00000)
 Metaspace       used 51111K, capacity 51491K, committed 51968K, reserved 1093632K
  class space    used 7293K, capacity 7405K, committed 7424K, reserved 1048576K
Event: 27.375 GC heap after
Heap after GC invocations=26 (full 4):
 PSYoungGen      total 646144K, used 29217K [0x0000000795580000, 0x00000007c0000000, 0x00000007c0000000)
  eden space 592896K, 0% used [0x0000000795580000,0x0000000795580000,0x00000007b9880000)
  from space 53248K, 54% used [0x00000007bcc00000,0x00000007be888610,0x00000007c0000000)
  to   space 52736K, 0% used [0x00000007b9880000,0x00000007b9880000,0x00000007bcc00000)
 ParOldGen       total 242688K, used 156106K [0x0000000740000000, 0x000000074ed00000, 0x0000000795580000)
  object space 242688K, 64% used [0x0000000740000000,0x0000000749872b90,0x000000074ed00000)
 Metaspace       used 51111K, capacity 51491K, committed 51968K, reserved 1093632K
  class space    used 7293K, capacity 7405K, committed 7424K, reserved 1048576K
}
Event: 29.433 GC heap before
{Heap before GC invocations=27 (full 4):
 PSYoungGen      total 646144K, used 620672K [0x0000000795580000, 0x00000007c0000000, 0x00000007c0000000)
  eden space 592896K, 99% used [0x0000000795580000,0x00000007b9717c00,0x00000007b9880000)
  from space 53248K, 54% used [0x00000007bcc00000,0x00000007be888610,0x00000007c0000000)
  to   space 52736K, 0% used [0x00000007b9880000,0x00000007b9880000,0x00000007bcc00000)
 ParOldGen       total 242688K, used 156106K [0x0000000740000000, 0x000000074ed00000, 0x0000000795580000)
  object space 242688K, 64% used [0x0000000740000000,0x0000000749872b90,0x000000074ed00000)
 Metaspace       used 56421K, capacity 56909K, committed 57344K, reserved 1097728K
  class space    used 7938K, capacity 8094K, committed 8192K, reserved 1048576K
Event: 29.484 GC heap after
Heap after GC invocations=27 (full 4):
 PSYoungGen      total 616960K, used 23609K [0x0000000795580000, 0x00000007bfa80000, 0x00000007c0000000)
  eden space 592896K, 0% used [0x0000000795580000,0x0000000795580000,0x00000007b9880000)
  from space 24064K, 98% used [0x00000007b9880000,0x00000007baf8e440,0x00000007bb000000)
  to   space 50176K, 0% used [0x00000007bc980000,0x00000007bc980000,0x00000007bfa80000)
 ParOldGen       total 242688K, used 184700K [0x0000000740000000, 0x000000074ed00000, 0x0000000795580000)
  object space 242688K, 76% used [0x0000000740000000,0x000000074b45f2f8,0x000000074ed00000)
 Metaspace       used 56421K, capacity 56909K, committed 57344K, reserved 1097728K
  class space    used 7938K, capacity 8094K, committed 8192K, reserved 1048576K
}
Event: 32.024 GC heap before
{Heap before GC invocations=28 (full 4):
 PSYoungGen      total 616960K, used 616505K [0x0000000795580000, 0x00000007bfa80000, 0x00000007c0000000)
  eden space 592896K, 100% used [0x0000000795580000,0x00000007b9880000,0x00000007b9880000)
  from space 24064K, 98% used [0x00000007b9880000,0x00000007baf8e440,0x00000007bb000000)
  to   space 50176K, 0% used [0x00000007bc980000,0x00000007bc980000,0x00000007bfa80000)
 ParOldGen       total 242688K, used 184700K [0x0000000740000000, 0x000000074ed00000, 0x0000000795580000)
  object space 242688K, 76% used [0x0000000740000000,0x000000074b45f2f8,0x000000074ed00000)
 Metaspace       used 56481K, capacity 56909K, committed 57344K, reserved 1097728K
  class space    used 7945K, capacity 8094K, committed 8192K, reserved 1048576K
Event: 32.048 GC heap after
Heap after GC invocations=28 (full 4):
 PSYoungGen      total 643072K, used 6930K [0x0000000795580000, 0x00000007c0000000, 0x00000007c0000000)
  eden space 592896K, 0% used [0x0000000795580000,0x0000000795580000,0x00000007b9880000)
  from space 50176K, 13% used [0x00000007bc980000,0x00000007bd044b20,0x00000007bfa80000)
  to   space 50176K, 0% used [0x00000007b9880000,0x00000007b9880000,0x00000007bc980000)
 ParOldGen       total 242688K, used 199959K [0x0000000740000000, 0x000000074ed00000, 0x0000000795580000)
  object space 242688K, 82% used [0x0000000740000000,0x000000074c345fa0,0x000000074ed00000)
 Metaspace       used 56481K, capacity 56909K, committed 57344K, reserved 1097728K
  class space    used 7945K, capacity 8094K, committed 8192K, reserved 1048576K
}
Event: 34.458 GC heap before
{Heap before GC invocations=29 (full 4):
 PSYoungGen      total 643072K, used 599826K [0x0000000795580000, 0x00000007c0000000, 0x00000007c0000000)
  eden space 592896K, 100% used [0x0000000795580000,0x00000007b9880000,0x00000007b9880000)
  from space 50176K, 13% used [0x00000007bc980000,0x00000007bd044b20,0x00000007bfa80000)
  to   space 50176K, 0% used [0x00000007b9880000,0x00000007b9880000,0x00000007bc980000)
 ParOldGen       total 242688K, used 199959K [0x0000000740000000, 0x000000074ed00000, 0x0000000795580000)
  object space 242688K, 82% used [0x0000000740000000,0x000000074c345fa0,0x000000074ed00000)
 Metaspace       used 57590K, capacity 58073K, committed 58752K, reserved 1099776K
  class space    used 8062K, capacity 8224K, committed 8320K, reserved 1048576K
Event: 34.510 GC heap after
Heap after GC invocations=29 (full 4):
 PSYoungGen      total 643072K, used 30064K [0x0000000795580000, 0x00000007c0000000, 0x00000007c0000000)
  eden space 592896K, 0% used [0x0000000795580000,0x0000000795580000,0x00000007b9880000)
  from space 50176K, 59% used [0x00000007b9880000,0x00000007bb5dc168,0x00000007bc980000)
  to   space 50688K, 0% used [0x00000007bce80000,0x00000007bce80000,0x00000007c0000000)
 ParOldGen       total 242688K, used 204720K [0x0000000740000000, 0x000000074ed00000, 0x0000000795580000)
  object space 242688K, 84% used [0x0000000740000000,0x000000074c7ec3c8,0x000000074ed00000)
 Metaspace       used 57590K, capacity 58073K, committed 58752K, reserved 1099776K
  class space    used 8062K, capacity 8224K, committed 8320K, reserved 1048576K
}

Deoptimization events (10 events):
Event: 35.135 Thread 0x00007fbf9b00f800 Uncommon trap: reason=bimorphic action=maybe_recompile pc=0x000000010e26346c method=java.awt.image.BufferedImage.getRGB(IIII[III)[I @ 205
Event: 35.135 Thread 0x00007fbf9b00f800 Uncommon trap: reason=bimorphic action=maybe_recompile pc=0x000000010e26346c method=java.awt.image.BufferedImage.getRGB(IIII[III)[I @ 205
Event: 35.232 Thread 0x00007fbfa2fcd800 Uncommon trap: reason=predicate action=maybe_recompile pc=0x000000010db5e6e4 method=javax.imageio.stream.MemoryCache.loadFromStream(Ljava/io/InputStream;J)J @ 59
Event: 35.232 Thread 0x00007fbfa2fcd800 Uncommon trap: reason=predicate action=maybe_recompile pc=0x000000010e2aa0d8 method=javax.imageio.stream.MemoryCache.loadFromStream(Ljava/io/InputStream;J)J @ 59
Event: 36.418 Thread 0x00007fbf9b00f800 Uncommon trap: reason=bimorphic action=maybe_recompile pc=0x000000010deb8050 method=java.awt.image.BufferedImage.getRGB(IIII[III)[I @ 205
Event: 40.814 Thread 0x00007fbf9b00f800 Uncommon trap: reason=unstable_if action=reinterpret pc=0x000000010e3f82d0 method=net.minecraft.util.ResourceLocation.equals(Ljava/lang/Object;)Z @ 2
Event: 40.814 Thread 0x00007fbf9b00f800 Uncommon trap: reason=unstable_if action=reinterpret pc=0x000000010db20c0c method=com.google.common.collect.HashBiMap$Inverse.get(Ljava/lang/Object;)Ljava/lang/Object; @ 14
Event: 68.610 Thread 0x00007fbf9b00f800 Uncommon trap: reason=unstable_if action=reinterpret pc=0x000000010ea61198 method=org.lwjgl.opengl.Sync.sync(I)V @ 77
Event: 125.416 Thread 0x00007fbf9c81f800 Uncommon trap: reason=class_check action=maybe_recompile pc=0x000000010dd1ecc0 method=java.util.Hashtable.get(Ljava/lang/Object;)Ljava/lang/Object; @ 6
Event: 125.416 Thread 0x00007fbf9c81f800 Uncommon trap: reason=class_check action=maybe_recompile pc=0x000000010dd1ecc0 method=java.util.Hashtable.get(Ljava/lang/Object;)Ljava/lang/Object; @ 6

Internal exceptions (10 events):
Event: 35.032 Thread 0x00007fbf9b00f800 Exception <a 'java/lang/NullPointerException'> (0x00000007a0948438) thrown at [/Users/java_re/workspace/8-2-build-macosx-x86_64/jdk8u131/8869/hotspot/src/share/vm/runtime/sharedRuntime.cpp, line 1085]
Event: 35.052 Thread 0x00007fbf9b00f800 Exception <a 'java/lang/NullPointerException'> (0x00000007a0f3b4a8) thrown at [/Users/java_re/workspace/8-2-build-macosx-x86_64/jdk8u131/8869/hotspot/src/share/vm/runtime/sharedRuntime.cpp, line 1085]
Event: 35.210 Thread 0x00007fbf9b00f800 Exception <a 'java/lang/NullPointerException'> (0x00000007abb514a8) thrown at [/Users/java_re/workspace/8-2-build-macosx-x86_64/jdk8u131/8869/hotspot/src/share/vm/runtime/sharedRuntime.cpp, line 1085]
Event: 35.210 Thread 0x00007fbf9b00f800 Implicit null exception at 0x000000010d872d10 to 0x000000010d8742a6
Event: 35.210 Thread 0x00007fbf9b00f800 Exception <a 'java/lang/NullPointerException'> (0x00000007abb547d0) thrown at [/Users/java_re/workspace/8-2-build-macosx-x86_64/jdk8u131/8869/hotspot/src/share/vm/runtime/sharedRuntime.cpp, line 605]
Event: 35.218 Thread 0x00007fbf9b00f800 Exception <a 'java/lang/NullPointerException'> (0x00000007abbeb4b8) thrown at [/Users/java_re/workspace/8-2-build-macosx-x86_64/jdk8u131/8869/hotspot/src/share/vm/runtime/sharedRuntime.cpp, line 1085]
Event: 35.358 Thread 0x00007fbfa2f5c000 Exception <a 'java/net/ConnectException'> (0x00000007ad5ca148) thrown at [/Users/java_re/workspace/8-2-build-macosx-x86_64/jdk8u131/8869/hotspot/src/share/vm/prims/jni.cpp, line 709]
Event: 35.358 Thread 0x00007fbfa2f5c000 Exception <a 'java/security/PrivilegedActionException'> (0x00000007ad5ca538) thrown at [/Users/java_re/workspace/8-2-build-macosx-x86_64/jdk8u131/8869/hotspot/src/share/vm/prims/jvm.cpp, line 1390]
Event: 35.359 Thread 0x00007fbfa2f5c000 Exception <a 'java/security/PrivilegedActionException'> (0x00000007ad5ca748) thrown at [/Users/java_re/workspace/8-2-build-macosx-x86_64/jdk8u131/8869/hotspot/src/share/vm/prims/jvm.cpp, line 1390]
Event: 40.755 Thread 0x00007fbf9b00f800 Exception <a 'java/lang/NullPointerException'> (0x00000007abf24018) thrown at [/Users/java_re/workspace/8-2-build-macosx-x86_64/jdk8u131/8869/hotspot/src/share/vm/runtime/sharedRuntime.cpp, line 1085]

Events (10 events):
Event: 125.427 Thread 0x00007fbf9ffe2000 Thread added: 0x00007fbf9ffe2000
Event: 125.427 Thread 0x00007fbf9c0f1800 flushing nmethod 0x000000010e6451d0
Event: 125.427 Thread 0x00007fbf9c0f1800 flushing nmethod 0x000000010e645650
Event: 125.428 Thread 0x00007fbf9c0f1800 flushing nmethod 0x000000010e6d74d0
Event: 125.429 Thread 0x00007fbf9c0f1800 flushing nmethod 0x000000010e73f0d0
Event: 125.436 Thread 0x00007fbfa234c800 Thread added: 0x00007fbfa234c800
Event: 125.436 Thread 0x00007fbfa26d3000 Thread exited: 0x00007fbfa26d3000
Event: 125.436 Executing VM operation: RevokeBias
Event: 125.437 Executing VM operation: RevokeBias done
Event: 125.438 Executing VM operation: Exit