#
# A fatal error has been detected by the Java Runtime Environment:
#
#  SIGSEGV (0xb) at pc=0x0000000000000000, pid=51508, tid=0x0000000000007f0f
#
# JRE version: Java(TM) SE Runtime Environment (8.0_131-b11) (build 1.8.0_131-b11)
# Java VM: Java HotSpot(TM) 64-Bit Server VM (25.131-b11 mixed mode bsd-amd64 compressed oops)
# Problematic frame:
# C  0x0000000000000000
#
# Failed to write core dump. Core dumps have been disabled. To enable core dumping, try "ulimit -c unlimited" before starting Java again
#
# If you would like to submit a bug report, please visit:
#   http://bugreport.java.com/bugreport/crash.jsp
#

---------------  T H R E A D  ---------------

Current thread is native thread

siginfo: si_signo: 11 (SIGSEGV), si_code: 1 (SEGV_MAPERR), si_addr: 0x0000000000000000

Registers:
RAX=0x0000000127b5b508, RBX=0x00000000000161b0, RCX=0x0000000000000010, RDX=0xfffffffffffffff0
RSP=0x000070000c2bda38, RBP=0x000070000c2bdae0, RSI=0x0000000000000000, RDI=0x0000000127ae6000
R8 =0x0000000000000200, R9 =0x00007f9f1c860eb0, R10=0x000000012dc2d624, R11=0xfffffffffffc2c10
R12=0x0000000000000200, R13=0x0000000127ae6000, R14=0x00007f9f04c43340, R15=0x0000000000000800
RIP=0x0000000000000000, EFLAGS=0x0000000000010246, ERR=0x0000000000000014
  TRAPNO=0x000000000000000e

Top of Stack: (sp=0x000070000c2bda38)
0x000070000c2bda38:   0000000127b2d639 0000000000000000
0x000070000c2bda48:   0000000000000000 0000000127aee1b0
0x000070000c2bda58:   00000001279b2010 0000000127aec1b0
0x000070000c2bda68:   0000020000000000 0000000000000000
0x000070000c2bda78:   0000000000000800 0000000000000200
0x000070000c2bda88:   0000000127aea1b0 0000000127ae6000
0x000070000c2bda98:   000002006b8e2318 000070000c2bdaf0
0x000070000c2bdaa8:   000000010000037f fad73541d44a0040
0x000070000c2bdab8:   00007f9f04c432c0 0000000000000200
0x000070000c2bdac8:   00007f9f1c89e2a0 00007f9f04c43340
0x000070000c2bdad8:   00007f9f1c860eb0 000070000c2bdaf0
0x000070000c2bdae8:   0000000127b3d2ef 000070000c2bdbb0
0x000070000c2bdaf8:   000000012dc2ad98 0000000000000000
0x000070000c2bdb08:   00007f9f04c43100 000070000c2bdb40
0x000070000c2bdb18:   00007f9f15a3c200 00007f9f15a3c3f8
0x000070000c2bdb28:   0000000000000100 000070000c2bdc88
0x000070000c2bdb38:   0000000000000001 0000020000000200
0x000070000c2bdb48:   000070000c2bdd00 0000000000000000
0x000070000c2bdb58:   0000000000000000 000070000c2bdbb0
0x000070000c2bdb68:   000000012dc2b6e2 0000000000000000
0x000070000c2bdb78:   0000000032aaaba2 fad73541d44a0040
0x000070000c2bdb88:   00007f9f15a3c200 0000000000001000
0x000070000c2bdb98:   0000000000001000 00007f9f04c43100
0x000070000c2bdba8:   00007f9f1ca6e190 000070000c2bdc50
0x000070000c2bdbb8:   000000012dc4cc23 0000000000000040
0x000070000c2bdbc8:   000070000c2bdc88 00007f9f04c43100
0x000070000c2bdbd8:   000070000c2bdd00 0000000000000000
0x000070000c2bdbe8:   0000020000001fa0 0000700000009fe0
0x000070000c2bdbf8:   00007fff6b8e232b 0000000000000000
0x000070000c2bdc08:   0000000000000000 0000000000000000
0x000070000c2bdc18:   00007fff6f06aa3d fad73541d44a0040
0x000070000c2bdc28:   00007f9f15a3c200 0000000000000200 

Instructions: (pc=0x0000000000000000)
0xffffffffffffffe0:   

Register to memory mapping:

RAX=